INFO: [v++ 60-1306] Additional information associated with this v++ link can be found at:
	Reports: /home/myuan/Desktop/MCTS/FPGA-Accelerated-MCTS/cpp_src/sw_emu/_x/reports/link
	Log files: /home/myuan/Desktop/MCTS/FPGA-Accelerated-MCTS/cpp_src/sw_emu/_x/logs/link
INFO: [v++ 60-1548] Creating build summary session with primary output /home/myuan/Desktop/MCTS/FPGA-Accelerated-MCTS/cpp_src/sw_emu/top.xclbin.link_summary, at Fri Jul  1 13:17:33 2022
INFO: [v++ 60-1316] Initiating connection to rulecheck server, at Fri Jul  1 13:17:33 2022
INFO: [v++ 60-1315] Creating rulecheck session with output '/home/myuan/Desktop/MCTS/FPGA-Accelerated-MCTS/cpp_src/sw_emu/_x/reports/link/v++_link_top_guidance.html', at Fri Jul  1 13:17:35 2022
INFO: [v++ 60-895]   Target platform: /opt/xilinx/platforms/xilinx_u200_gen3x16_xdma_1_202110_1/xilinx_u200_gen3x16_xdma_1_202110_1.xpfm
INFO: [v++ 60-1578]   This platform contains Xilinx Shell Archive '/opt/xilinx/platforms/xilinx_u200_gen3x16_xdma_1_202110_1/hw/hw.xsa'
INFO: [v++ 74-78] Compiler Version string: 2021.2
INFO: [v++ 60-629] Linking for software emulation target
INFO: [v++ 60-423]   Target device: xilinx_u200_gen3x16_xdma_1_202110_1
INFO: [v++ 60-645] kernel flags are '-g -I /home/myuan/Desktop/MCTS/FPGA-Accelerated-MCTS/cpp_src -g'
INFO: [v++ 60-586] Created top.xclbin
INFO: [v++ 60-1307] Run completed. Additional information can be found in:
	Guidance: /home/myuan/Desktop/MCTS/FPGA-Accelerated-MCTS/cpp_src/sw_emu/_x/reports/link/v++_link_top_guidance.html
	Steps Log File: /home/myuan/Desktop/MCTS/FPGA-Accelerated-MCTS/cpp_src/sw_emu/_x/logs/link/link.steps.log

INFO: [v++ 60-2343] Use the vitis_analyzer tool to visualize and navigate the relevant reports. Run the following command. 
    vitis_analyzer /home/myuan/Desktop/MCTS/FPGA-Accelerated-MCTS/cpp_src/sw_emu/top.xclbin.link_summary 
INFO: [v++ 60-791] Total elapsed time: 0h 0m 24s
INFO: [v++ 60-1653] Closing dispatch client.
