XRT Build Version: 2.13.466 (2022.1)
       Build Date: 2022-04-14 17:45:07
          Hash ID: f5505e402c2ca1ffe45eb6d3a9399b23a0dc8776
Creating a default 'in-memory' xclbin image.

Section: 'BITSTREAM'(0) was successfully added.
Size   : 1622072 bytes
Format : RAW
File   : '/home/myuan/Desktop/MCTS/FPGA-Accelerated-MCTS/cpp_src/sw_emu/_x/link/int/top.so'

Section: 'MEM_TOPOLOGY'(6) was successfully added.
Format : JSON
File   : 'mem_topology'

Section: 'IP_LAYOUT'(8) was successfully added.
Format : JSON
File   : 'ip_layout'

Section: 'CONNECTIVITY'(7) was successfully added.
Format : JSON
File   : 'connectivity'
WARNING: Skipping CLOCK_FREQ_TOPOLOGY section for count size is zero.
WARNING: Section 'CLOCK_FREQ_TOPOLOGY' content is empty.  No data in the given JSON file.

Section: 'CLOCK_FREQ_TOPOLOGY'(11) was empty.  No action taken.
Format : JSON
File   : '/home/myuan/Desktop/MCTS/FPGA-Accelerated-MCTS/cpp_src/sw_emu/_x/link/int/top_xml.rtd'

Section: 'BUILD_METADATA'(14) was successfully added.
Size   : 2741 bytes
Format : JSON
File   : '/home/myuan/Desktop/MCTS/FPGA-Accelerated-MCTS/cpp_src/sw_emu/_x/link/int/top_build.rtd'

Section: 'EMBEDDED_METADATA'(2) was successfully added.
Size   : 3123 bytes
Format : RAW
File   : '/home/myuan/Desktop/MCTS/FPGA-Accelerated-MCTS/cpp_src/sw_emu/_x/link/int/top.xml'

Section: 'DEBUG_DATA'(4) was successfully added.
Size   : 0 bytes
Format : RAW
File   : '/dev/null'

Section: 'PARTITION_METADATA'(20) was successfully appended to.
Format : JSON
File   : 'partition_metadata'

Section: 'IP_LAYOUT'(8) was successfully appended to.
Format : JSON
File   : 'ip_layout'
Successfully wrote (1643973 bytes) to the output file: /home/myuan/Desktop/MCTS/FPGA-Accelerated-MCTS/cpp_src/sw_emu/top.xclbin
Leaving xclbinutil.
