

================================================================
== Vitis HLS Report for 'subT1_pipl'
================================================================
* Date:           Sun Jan 24 08:16:23 2021

* Version:        2021.2 (Build 3367213 on Tue Oct 19 02:47:39 MDT 2021)
* Project:        top
* Solution:       solution (Vitis Kernel Flow Target)
* Product family: virtexuplus
* Target device:  xcu200-fsgd2104-2-e


================================================================
== Performance Estimates
================================================================
+ Timing: 
    * Summary: 
    +--------+---------+----------+------------+
    |  Clock |  Target | Estimated| Uncertainty|
    +--------+---------+----------+------------+
    |ap_clk  |  3.33 ns|  2.433 ns|     0.90 ns|
    +--------+---------+----------+------------+

+ Latency: 
    * Summary: 
    +---------+---------+----------+----------+-----+-----+---------+
    |  Latency (cycles) |  Latency (absolute) |  Interval | Pipeline|
    |   min   |   max   |    min   |    max   | min | max |   Type  |
    +---------+---------+----------+----------+-----+-----+---------+
    |        ?|        ?|         ?|         ?|    ?|    ?|       no|
    +---------+---------+----------+----------+-----+-----+---------+

    + Detail: 
        * Instance: 
        +------------------------------+-------------------+---------+---------+-----------+-----------+-----+-----+---------+
        |                              |                   |  Latency (cycles) |   Latency (absolute)  |  Interval | Pipeline|
        |           Instance           |       Module      |   min   |   max   |    min    |    max    | min | max |   Type  |
        +------------------------------+-------------------+---------+---------+-----------+-----------+-----+-----+---------+
        |grp_subT1_lev_stage_4_fu_422  |subT1_lev_stage_4  |        1|        1|   3.333 ns|   3.333 ns|    1|    1|       no|
        |grp_subT1_lev_stage_3_fu_436  |subT1_lev_stage_3  |        1|        1|   3.333 ns|   3.333 ns|    1|    1|       no|
        |grp_subT1_lev_stage_2_fu_450  |subT1_lev_stage_2  |        4|        8|  13.332 ns|  26.664 ns|    4|    8|       no|
        |grp_subT1_lev_stage_1_fu_468  |subT1_lev_stage_1  |        4|        8|  13.332 ns|  26.664 ns|    4|    8|       no|
        |grp_subT1_lev_stage_fu_486    |subT1_lev_stage    |        4|        8|  13.332 ns|  26.664 ns|    4|    8|       no|
        +------------------------------+-------------------+---------+---------+-----------+-----------+-----+-----+---------+

        * Loop: 
        +--------------------+---------+---------+----------+-----------+-----------+------+----------+
        |                    |  Latency (cycles) | Iteration|  Initiation Interval  | Trip |          |
        |      Loop Name     |   min   |   max   |  Latency |  achieved |   target  | Count| Pipelined|
        +--------------------+---------+---------+----------+-----------+-----------+------+----------+
        |- VITIS_LOOP_304_1  |        ?|        ?|    2 ~ 39|          -|          -|     ?|        no|
        +--------------------+---------+---------+----------+-----------+-----------+------+----------+



================================================================
== Utilization Estimates
================================================================
* Summary: 
+---------------------+---------+------+---------+---------+-----+
|         Name        | BRAM_18K|  DSP |    FF   |   LUT   | URAM|
+---------------------+---------+------+---------+---------+-----+
|DSP                  |        -|     -|        -|        -|    -|
|Expression           |        -|     -|        0|      148|    -|
|FIFO                 |        -|     -|     1644|      936|    -|
|Instance             |        -|     -|     1308|     1643|    6|
|Memory               |        0|     -|      170|      180|    0|
|Multiplexer          |        -|     -|        -|      732|    -|
|Register             |        -|     -|       84|        -|    -|
+---------------------+---------+------+---------+---------+-----+
|Total                |        0|     0|     3206|     3639|    6|
+---------------------+---------+------+---------+---------+-----+
|Available SLR        |     1440|  2280|   788160|   394080|  320|
+---------------------+---------+------+---------+---------+-----+
|Utilization SLR (%)  |        0|     0|       ~0|       ~0|    1|
+---------------------+---------+------+---------+---------+-----+
|Available            |     4320|  6840|  2364480|  1182240|  960|
+---------------------+---------+------+---------+---------+-----+
|Utilization (%)      |        0|     0|       ~0|       ~0|   ~0|
+---------------------+---------+------+---------+---------+-----+

+ Detail: 
    * Instance: 
    +------------------------------+-------------------+---------+----+-----+-----+-----+
    |           Instance           |       Module      | BRAM_18K| DSP|  FF | LUT | URAM|
    +------------------------------+-------------------+---------+----+-----+-----+-----+
    |mux_532_32_1_1_U58            |mux_532_32_1_1     |        0|   0|    0|   26|    0|
    |mux_532_32_1_1_U59            |mux_532_32_1_1     |        0|   0|    0|   26|    0|
    |grp_subT1_lev_stage_fu_486    |subT1_lev_stage    |        0|   0|  330|  399|    2|
    |grp_subT1_lev_stage_1_fu_468  |subT1_lev_stage_1  |        0|   0|  328|  397|    2|
    |grp_subT1_lev_stage_2_fu_450  |subT1_lev_stage_2  |        0|   0|  324|  393|    2|
    |grp_subT1_lev_stage_3_fu_436  |subT1_lev_stage_3  |        0|   0|  163|  201|    0|
    |grp_subT1_lev_stage_4_fu_422  |subT1_lev_stage_4  |        0|   0|  163|  201|    0|
    +------------------------------+-------------------+---------+----+-----+-----+-----+
    |Total                         |                   |        0|   0| 1308| 1643|    6|
    +------------------------------+-------------------+---------+----+-----+-----+-----+

    * DSP: 
    N/A

    * Memory: 
    +----------------------------------------------------------------------------------------------+----------------------------------------------------------------------------------+---------+----+----+-----+------+-----+------+-------------+
    |                                            Memory                                            |                                      Module                                      | BRAM_18K| FF | LUT| URAM| Words| Bits| Banks| W*Bits*Banks|
    +----------------------------------------------------------------------------------------------+----------------------------------------------------------------------------------+---------+----+----+-----+------+-----+------+-------------+
    |subT1_pipl_stream_BpSel_inputObj_0_stream_ap_int_1_0_stream_SelTupleOut_0_int_memoizlevs_U    |subT1_pipl_subT1_pipl_stream_BpSel_inputObj_0_stream_ap_int_1_0_stream_SelTupbkb  |        0|  32|  33|    0|    32|   32|     1|         1024|
    |subT1_pipl_stream_BpSel_inputObj_0_stream_ap_int_1_0_stream_SelTupleOut_0_int_memoizlevs_1_U  |subT1_pipl_subT1_pipl_stream_BpSel_inputObj_0_stream_ap_int_1_0_stream_SelTupbkb  |        0|  32|  33|    0|    32|   32|     1|         1024|
    |subT1_pipl_stream_BpSel_inputObj_0_stream_ap_int_1_0_stream_SelTupleOut_0_int_memoizlevs_2_U  |subT1_pipl_subT1_pipl_stream_BpSel_inputObj_0_stream_ap_int_1_0_stream_SelTupbkb  |        0|  32|  33|    0|    32|   32|     1|         1024|
    |subT1_pipl_stream_BpSel_inputObj_0_stream_ap_int_1_0_stream_SelTupleOut_0_int_memoizlevs_3_U  |subT1_pipl_subT1_pipl_stream_BpSel_inputObj_0_stream_ap_int_1_0_stream_SelTupbkb  |        0|  32|  33|    0|    32|   32|     1|         1024|
    |subT1_pipl_stream_BpSel_inputObj_0_stream_ap_int_1_0_stream_SelTupleOut_0_int_memoizlevs_4_U  |subT1_pipl_subT1_pipl_stream_BpSel_inputObj_0_stream_ap_int_1_0_stream_SelTupbkb  |        0|  32|  33|    0|    32|   32|     1|         1024|
    |subT1_pipl_stream_BpSel_inputObj_0_stream_ap_int_1_0_stream_SelTupleOut_0_int_memoizlevs_5_U  |subT1_pipl_subT1_pipl_stream_BpSel_inputObj_0_stream_ap_int_1_0_stream_SelTupcud  |        0|   2|   3|    0|    32|    1|     1|           32|
    |subT1_pipl_stream_BpSel_inputObj_0_stream_ap_int_1_0_stream_SelTupleOut_0_int_memoizlevs_6_U  |subT1_pipl_subT1_pipl_stream_BpSel_inputObj_0_stream_ap_int_1_0_stream_SelTupcud  |        0|   2|   3|    0|    32|    1|     1|           32|
    |subT1_pipl_stream_BpSel_inputObj_0_stream_ap_int_1_0_stream_SelTupleOut_0_int_memoizlevs_7_U  |subT1_pipl_subT1_pipl_stream_BpSel_inputObj_0_stream_ap_int_1_0_stream_SelTupcud  |        0|   2|   3|    0|    32|    1|     1|           32|
    |subT1_pipl_stream_BpSel_inputObj_0_stream_ap_int_1_0_stream_SelTupleOut_0_int_memoizlevs_8_U  |subT1_pipl_subT1_pipl_stream_BpSel_inputObj_0_stream_ap_int_1_0_stream_SelTupcud  |        0|   2|   3|    0|    32|    1|     1|           32|
    |subT1_pipl_stream_BpSel_inputObj_0_stream_ap_int_1_0_stream_SelTupleOut_0_int_memoizlevs_9_U  |subT1_pipl_subT1_pipl_stream_BpSel_inputObj_0_stream_ap_int_1_0_stream_SelTupcud  |        0|   2|   3|    0|    32|    1|     1|           32|
    +----------------------------------------------------------------------------------------------+----------------------------------------------------------------------------------+---------+----+----+-----+------+-----+------+-------------+
    |Total                                                                                         |                                                                                  |        0| 170| 180|    0|   320|  165|    10|         5280|
    +----------------------------------------------------------------------------------------------+----------------------------------------------------------------------------------+---------+----+----+-----+------+-----+------+-------------+

    * FIFO: 
    +--------------------------+---------+-----+----+-----+------+-----+---------+
    |           Name           | BRAM_18K|  FF | LUT| URAM| Depth| Bits| Size:D*B|
    +--------------------------+---------+-----+----+-----+------+-----+---------+
    |IDRpipes_10_fifo_U        |        0|  133|   0|    -|     1|   64|       64|
    |IDRpipes_6_fifo_U         |        0|  133|   0|    -|     1|   64|       64|
    |IDRpipes_7_fifo_U         |        0|  133|   0|    -|     1|   64|       64|
    |IDRpipes_8_fifo_U         |        0|  133|   0|    -|     1|   64|       64|
    |IDRpipes_9_fifo_U         |        0|  133|   0|    -|     1|   64|       64|
    |IDRpipes_fifo_U           |        0|  133|   0|    -|     1|   64|       64|
    |childindexpipe_10_fifo_U  |        0|  133|   0|    -|     1|   64|       64|
    |childindexpipe_6_fifo_U   |        0|  133|   0|    -|     1|   64|       64|
    |childindexpipe_7_fifo_U   |        0|  133|   0|    -|     1|   64|       64|
    |childindexpipe_8_fifo_U   |        0|  133|   0|    -|     1|   64|       64|
    |childindexpipe_9_fifo_U   |        0|  133|   0|    -|     1|   64|       64|
    |childindexpipe_fifo_U     |        0|  133|   0|    -|     1|   64|       64|
    |lev_retpipe_10_fifo_U     |        0|    8|   0|    -|     1|    1|        1|
    |lev_retpipe_6_fifo_U      |        0|    8|   0|    -|     1|    1|        1|
    |lev_retpipe_7_fifo_U      |        0|    8|   0|    -|     1|    1|        1|
    |lev_retpipe_8_fifo_U      |        0|    8|   0|    -|     1|    1|        1|
    |lev_retpipe_9_fifo_U      |        0|    8|   0|    -|     1|    1|        1|
    |lev_retpipe_fifo_U        |        0|    8|   0|    -|     1|    1|        1|
    +--------------------------+---------+-----+----+-----+------+-----+---------+
    |Total                     |        0| 1644|   0|    0|    18|  774|      774|
    +--------------------------+---------+-----+----+-----+------+-----+---------+

    * Expression: 
    +--------------------------------+----------+----+---+-----+------------+------------+
    |          Variable Name         | Operation| DSP| FF| LUT | Bitwidth P0| Bitwidth P1|
    +--------------------------------+----------+----+---+-----+------------+------------+
    |ap_block_state14                |       and|   0|  0|    2|           1|           1|
    |ap_ext_blocking_n               |       and|   0|  0|    2|           1|           2|
    |ap_int_blocking_cur_n           |       and|   0|  0|    2|           1|           1|
    |ap_int_blocking_n               |       and|   0|  0|    2|           1|           1|
    |ap_predicate_op111_read_state2  |       and|   0|  0|    2|           1|           1|
    |ap_str_blocking_n               |       and|   0|  0|    2|           1|           2|
    |grp_nbreadreq_fu_222_p3         |       and|   0|  0|    2|           1|           0|
    |tmp_1_nbreadreq_fu_230_p3       |       and|   0|  0|    2|           1|           0|
    |OutTuppipe1_din                 |        or|   0|  0|  128|         128|          65|
    |ap_block_state13                |        or|   0|  0|    2|           1|           1|
    |ap_block_state2                 |        or|   0|  0|    2|           1|           1|
    +--------------------------------+----------+----+---+-----+------------+------------+
    |Total                           |          |   0|  0|  148|         138|          75|
    +--------------------------------+----------+----+---+-----+------------+------------+

    * Multiplexer: 
    +-----------------------------------------------------------------------------------------------------+----+-----------+-----+-----------+
    |                                                 Name                                                | LUT| Input Size| Bits| Total Bits|
    +-----------------------------------------------------------------------------------------------------+----+-----------+-----+-----------+
    |IDRpipe1_blk_n                                                                                       |   9|          2|    1|          2|
    |IDRpipes_10_write                                                                                    |   9|          2|    1|          2|
    |IDRpipes_6_read                                                                                      |   9|          2|    1|          2|
    |IDRpipes_6_write                                                                                     |   9|          2|    1|          2|
    |IDRpipes_7_read                                                                                      |   9|          2|    1|          2|
    |IDRpipes_7_write                                                                                     |   9|          2|    1|          2|
    |IDRpipes_8_read                                                                                      |   9|          2|    1|          2|
    |IDRpipes_8_write                                                                                     |   9|          2|    1|          2|
    |IDRpipes_9_read                                                                                      |   9|          2|    1|          2|
    |IDRpipes_9_write                                                                                     |   9|          2|    1|          2|
    |IDRpipes_read                                                                                        |   9|          2|    1|          2|
    |OutTuppipe1_blk_n                                                                                    |   9|          2|    1|          2|
    |Wsigpipe1161_blk_n                                                                                   |   9|          2|    1|          2|
    |ap_NS_fsm                                                                                            |  65|         15|    1|         15|
    |childindexpipe_10_write                                                                              |   9|          2|    1|          2|
    |childindexpipe_6_read                                                                                |   9|          2|    1|          2|
    |childindexpipe_6_write                                                                               |   9|          2|    1|          2|
    |childindexpipe_7_read                                                                                |   9|          2|    1|          2|
    |childindexpipe_7_write                                                                               |   9|          2|    1|          2|
    |childindexpipe_8_read                                                                                |   9|          2|    1|          2|
    |childindexpipe_8_write                                                                               |   9|          2|    1|          2|
    |childindexpipe_9_read                                                                                |   9|          2|    1|          2|
    |childindexpipe_9_write                                                                               |   9|          2|    1|          2|
    |childindexpipe_read                                                                                  |   9|          2|    1|          2|
    |lev_retpipe_10_write                                                                                 |   9|          2|    1|          2|
    |lev_retpipe_6_read                                                                                   |   9|          2|    1|          2|
    |lev_retpipe_6_write                                                                                  |   9|          2|    1|          2|
    |lev_retpipe_7_read                                                                                   |   9|          2|    1|          2|
    |lev_retpipe_7_write                                                                                  |   9|          2|    1|          2|
    |lev_retpipe_8_read                                                                                   |   9|          2|    1|          2|
    |lev_retpipe_8_write                                                                                  |   9|          2|    1|          2|
    |lev_retpipe_9_read                                                                                   |   9|          2|    1|          2|
    |lev_retpipe_9_write                                                                                  |   9|          2|    1|          2|
    |lev_retpipe_read                                                                                     |   9|          2|    1|          2|
    |subT1_pipl_stream_BpSel_inputObj_0_stream_ap_int_1_0_stream_SelTupleOut_0_int_memoizlevs_1_address0  |  14|          3|    5|         15|
    |subT1_pipl_stream_BpSel_inputObj_0_stream_ap_int_1_0_stream_SelTupleOut_0_int_memoizlevs_1_ce0       |  14|          3|    1|          3|
    |subT1_pipl_stream_BpSel_inputObj_0_stream_ap_int_1_0_stream_SelTupleOut_0_int_memoizlevs_1_we0       |   9|          2|    1|          2|
    |subT1_pipl_stream_BpSel_inputObj_0_stream_ap_int_1_0_stream_SelTupleOut_0_int_memoizlevs_2_address0  |  14|          3|    5|         15|
    |subT1_pipl_stream_BpSel_inputObj_0_stream_ap_int_1_0_stream_SelTupleOut_0_int_memoizlevs_2_ce0       |  14|          3|    1|          3|
    |subT1_pipl_stream_BpSel_inputObj_0_stream_ap_int_1_0_stream_SelTupleOut_0_int_memoizlevs_2_we0       |   9|          2|    1|          2|
    |subT1_pipl_stream_BpSel_inputObj_0_stream_ap_int_1_0_stream_SelTupleOut_0_int_memoizlevs_3_address0  |  14|          3|    5|         15|
    |subT1_pipl_stream_BpSel_inputObj_0_stream_ap_int_1_0_stream_SelTupleOut_0_int_memoizlevs_3_ce0       |  14|          3|    1|          3|
    |subT1_pipl_stream_BpSel_inputObj_0_stream_ap_int_1_0_stream_SelTupleOut_0_int_memoizlevs_3_we0       |   9|          2|    1|          2|
    |subT1_pipl_stream_BpSel_inputObj_0_stream_ap_int_1_0_stream_SelTupleOut_0_int_memoizlevs_4_address0  |  14|          3|    5|         15|
    |subT1_pipl_stream_BpSel_inputObj_0_stream_ap_int_1_0_stream_SelTupleOut_0_int_memoizlevs_4_ce0       |  14|          3|    1|          3|
    |subT1_pipl_stream_BpSel_inputObj_0_stream_ap_int_1_0_stream_SelTupleOut_0_int_memoizlevs_4_we0       |   9|          2|    1|          2|
    |subT1_pipl_stream_BpSel_inputObj_0_stream_ap_int_1_0_stream_SelTupleOut_0_int_memoizlevs_5_address0  |  14|          3|    5|         15|
    |subT1_pipl_stream_BpSel_inputObj_0_stream_ap_int_1_0_stream_SelTupleOut_0_int_memoizlevs_5_ce0       |  14|          3|    1|          3|
    |subT1_pipl_stream_BpSel_inputObj_0_stream_ap_int_1_0_stream_SelTupleOut_0_int_memoizlevs_5_we0       |   9|          2|    1|          2|
    |subT1_pipl_stream_BpSel_inputObj_0_stream_ap_int_1_0_stream_SelTupleOut_0_int_memoizlevs_6_address0  |  14|          3|    5|         15|
    |subT1_pipl_stream_BpSel_inputObj_0_stream_ap_int_1_0_stream_SelTupleOut_0_int_memoizlevs_6_ce0       |  14|          3|    1|          3|
    |subT1_pipl_stream_BpSel_inputObj_0_stream_ap_int_1_0_stream_SelTupleOut_0_int_memoizlevs_6_we0       |   9|          2|    1|          2|
    |subT1_pipl_stream_BpSel_inputObj_0_stream_ap_int_1_0_stream_SelTupleOut_0_int_memoizlevs_7_address0  |  14|          3|    5|         15|
    |subT1_pipl_stream_BpSel_inputObj_0_stream_ap_int_1_0_stream_SelTupleOut_0_int_memoizlevs_7_ce0       |  14|          3|    1|          3|
    |subT1_pipl_stream_BpSel_inputObj_0_stream_ap_int_1_0_stream_SelTupleOut_0_int_memoizlevs_7_we0       |   9|          2|    1|          2|
    |subT1_pipl_stream_BpSel_inputObj_0_stream_ap_int_1_0_stream_SelTupleOut_0_int_memoizlevs_8_address0  |  14|          3|    5|         15|
    |subT1_pipl_stream_BpSel_inputObj_0_stream_ap_int_1_0_stream_SelTupleOut_0_int_memoizlevs_8_ce0       |  14|          3|    1|          3|
    |subT1_pipl_stream_BpSel_inputObj_0_stream_ap_int_1_0_stream_SelTupleOut_0_int_memoizlevs_8_we0       |   9|          2|    1|          2|
    |subT1_pipl_stream_BpSel_inputObj_0_stream_ap_int_1_0_stream_SelTupleOut_0_int_memoizlevs_9_address0  |  14|          3|    5|         15|
    |subT1_pipl_stream_BpSel_inputObj_0_stream_ap_int_1_0_stream_SelTupleOut_0_int_memoizlevs_9_ce0       |  14|          3|    1|          3|
    |subT1_pipl_stream_BpSel_inputObj_0_stream_ap_int_1_0_stream_SelTupleOut_0_int_memoizlevs_9_we0       |   9|          2|    1|          2|
    |subT1_pipl_stream_BpSel_inputObj_0_stream_ap_int_1_0_stream_SelTupleOut_0_int_memoizlevs_address0    |  14|          3|    5|         15|
    |subT1_pipl_stream_BpSel_inputObj_0_stream_ap_int_1_0_stream_SelTupleOut_0_int_memoizlevs_ce0         |  14|          3|    1|          3|
    |subT1_pipl_stream_BpSel_inputObj_0_stream_ap_int_1_0_stream_SelTupleOut_0_int_memoizlevs_we0         |   9|          2|    1|          2|
    +-----------------------------------------------------------------------------------------------------+----+-----------+-----+-----------+
    |Total                                                                                                | 732|        161|  104|        281|
    +-----------------------------------------------------------------------------------------------------+----+-----------+-----+-----------+

    * Register: 
    +-------------------------------------------+----+----+-----+-----------+
    |                    Name                   | FF | LUT| Bits| Const Bits|
    +-------------------------------------------+----+----+-----+-----------+
    |IDRobject_wind_reg_716                     |  32|   0|   32|          0|
    |ap_CS_fsm                                  |  14|   0|   14|          0|
    |grp_subT1_lev_stage_1_fu_468_ap_start_reg  |   1|   0|    1|          0|
    |grp_subT1_lev_stage_2_fu_450_ap_start_reg  |   1|   0|    1|          0|
    |grp_subT1_lev_stage_3_fu_436_ap_start_reg  |   1|   0|    1|          0|
    |grp_subT1_lev_stage_4_fu_422_ap_start_reg  |   1|   0|    1|          0|
    |grp_subT1_lev_stage_fu_486_ap_start_reg    |   1|   0|    1|          0|
    |resultIndDepth_depth_reg_721               |  32|   0|   32|          0|
    |tmp_reg_706                                |   1|   0|    1|          0|
    +-------------------------------------------+----+----+-----+-----------+
    |Total                                      |  84|   0|   84|          0|
    +-------------------------------------------+----+----+-----+-----------+



================================================================
== Interface
================================================================
* Summary: 
+----------------------+-----+-----+------------+--------------+--------------+
|       RTL Ports      | Dir | Bits|  Protocol  | Source Object|    C Type    |
+----------------------+-----+-----+------------+--------------+--------------+
|ap_clk                |   in|    1|  ap_ctrl_hs|    subT1_pipl|  return value|
|ap_rst                |   in|    1|  ap_ctrl_hs|    subT1_pipl|  return value|
|ap_start              |   in|    1|  ap_ctrl_hs|    subT1_pipl|  return value|
|ap_done               |  out|    1|  ap_ctrl_hs|    subT1_pipl|  return value|
|ap_idle               |  out|    1|  ap_ctrl_hs|    subT1_pipl|  return value|
|ap_ready              |  out|    1|  ap_ctrl_hs|    subT1_pipl|  return value|
|ap_ext_blocking_n     |  out|    1|  ap_ctrl_hs|    subT1_pipl|  return value|
|ap_str_blocking_n     |  out|    1|  ap_ctrl_hs|    subT1_pipl|  return value|
|ap_int_blocking_n     |  out|    1|  ap_ctrl_hs|    subT1_pipl|  return value|
|IDRpipe1_dout         |   in|   52|     ap_fifo|      IDRpipe1|       pointer|
|IDRpipe1_empty_n      |   in|    1|     ap_fifo|      IDRpipe1|       pointer|
|IDRpipe1_read         |  out|    1|     ap_fifo|      IDRpipe1|       pointer|
|Wsigpipe1161_dout     |   in|    1|     ap_fifo|  Wsigpipe1161|       pointer|
|Wsigpipe1161_empty_n  |   in|    1|     ap_fifo|  Wsigpipe1161|       pointer|
|Wsigpipe1161_read     |  out|    1|     ap_fifo|  Wsigpipe1161|       pointer|
|OutTuppipe1_din       |  out|  128|     ap_fifo|   OutTuppipe1|       pointer|
|OutTuppipe1_full_n    |   in|    1|     ap_fifo|   OutTuppipe1|       pointer|
|OutTuppipe1_write     |  out|    1|     ap_fifo|   OutTuppipe1|       pointer|
+----------------------+-----+-----+------------+--------------+--------------+

