INFO: [v++ 60-1306] Additional information associated with this v++ compile can be found at:
	Reports: /home/myuan/Desktop/MCTS/FPGA-Accelerated-MCTS/cpp_src/hw_emu/_x/reports/top
	Log files: /home/myuan/Desktop/MCTS/FPGA-Accelerated-MCTS/cpp_src/hw_emu/_x/logs/top
INFO: [v++ 60-1548] Creating build summary session with primary output /home/myuan/Desktop/MCTS/FPGA-Accelerated-MCTS/cpp_src/hw_emu/top.xo.compile_summary, at Sun Jan 24 08:15:55 2021
INFO: [v++ 60-1316] Initiating connection to rulecheck server, at Sun Jan 24 08:15:55 2021
INFO: [v++ 60-1315] Creating rulecheck session with output '/home/myuan/Desktop/MCTS/FPGA-Accelerated-MCTS/cpp_src/hw_emu/_x/reports/top/v++_compile_top_guidance.html', at Sun Jan 24 08:15:57 2021
INFO: [v++ 60-895]   Target platform: /opt/xilinx/platforms/xilinx_u200_gen3x16_xdma_1_202110_1/xilinx_u200_gen3x16_xdma_1_202110_1.xpfm
INFO: [v++ 60-1578]   This platform contains Xilinx Shell Archive '/opt/xilinx/platforms/xilinx_u200_gen3x16_xdma_1_202110_1/hw/hw.xsa'
INFO: [v++ 74-78] Compiler Version string: 2021.2
INFO: [v++ 60-585] Compiling for hardware emulation target
INFO: [v++ 60-423]   Target device: xilinx_u200_gen3x16_xdma_1_202110_1
INFO: [v++ 60-242] Creating kernel: 'top'

===>The following messages were generated while  performing high-level synthesis for kernel: top Log file: /home/myuan/Desktop/MCTS/FPGA-Accelerated-MCTS/cpp_src/hw_emu/_x/top/top/vitis_hls.log :
ERROR: [v++ 207-3771] use of undeclared identifier 'IDRobject' (/home/myuan/Desktop/MCTS/FPGA-Accelerated-MCTS/cpp_src/ucteq.h:121:21)
ERROR: [v++ 207-3771] use of undeclared identifier 'IDRobject' (/home/myuan/Desktop/MCTS/FPGA-Accelerated-MCTS/cpp_src/ucteq.h:122:21)
ERROR: [v++ 207-3771] use of undeclared identifier 'pw' (/home/myuan/Desktop/MCTS/FPGA-Accelerated-MCTS/cpp_src/ucteq.cpp:63:44)
ERROR: [v++ 207-3771] use of undeclared identifier 'pw' (/home/myuan/Desktop/MCTS/FPGA-Accelerated-MCTS/cpp_src/ucteq.cpp:66:44)
ERROR: [v++ 207-3771] use of undeclared identifier 'pw' (/home/myuan/Desktop/MCTS/FPGA-Accelerated-MCTS/cpp_src/ucteq.cpp:69:44)
ERROR: [v++ 207-3771] use of undeclared identifier 'pw' (/home/myuan/Desktop/MCTS/FPGA-Accelerated-MCTS/cpp_src/ucteq.cpp:104:47)
ERROR: [v++ 207-3771] use of undeclared identifier 'pw' (/home/myuan/Desktop/MCTS/FPGA-Accelerated-MCTS/cpp_src/ucteq.cpp:107:47)
ERROR: [v++ 207-3771] use of undeclared identifier 'pw' (/home/myuan/Desktop/MCTS/FPGA-Accelerated-MCTS/cpp_src/ucteq.cpp:110:47)
ERROR: [v++ 207-2967] no member named 'cind' in 'node' (/home/myuan/Desktop/MCTS/FPGA-Accelerated-MCTS/cpp_src/ucteq.cpp:141:37)
ERROR: [v++ 207-3771] use of undeclared identifier 'max_child' (/home/myuan/Desktop/MCTS/FPGA-Accelerated-MCTS/cpp_src/ucteq.cpp:144:22)
ERROR: [v++ 207-3334] no matching function for call to 'subT1_pipl' (/home/myuan/Desktop/MCTS/FPGA-Accelerated-MCTS/cpp_src/ucteq.cpp:162:7)
ERROR: [v++ 207-3771] use of undeclared identifier 'collect_out' (/home/myuan/Desktop/MCTS/FPGA-Accelerated-MCTS/cpp_src/ucteq.cpp:165:7)
ERROR: [v++ 207-3771] use of undeclared identifier 'counter' (/home/myuan/Desktop/MCTS/FPGA-Accelerated-MCTS/cpp_src/ucteq.cpp:173:5)
ERROR: [v++ 207-3771] use of undeclared identifier 'tree' (/home/myuan/Desktop/MCTS/FPGA-Accelerated-MCTS/cpp_src/ucteq.cpp:174:5)
ERROR: [v++ 207-3771] use of undeclared identifier 'tree' (/home/myuan/Desktop/MCTS/FPGA-Accelerated-MCTS/cpp_src/ucteq.cpp:175:5)
ERROR: [v++ 207-3771] use of undeclared identifier 'tree' (/home/myuan/Desktop/MCTS/FPGA-Accelerated-MCTS/cpp_src/ucteq.cpp:176:5)
ERROR: [v++ 207-3771] use of undeclared identifier 'tree' (/home/myuan/Desktop/MCTS/FPGA-Accelerated-MCTS/cpp_src/ucteq.cpp:179:2)
ERROR: [v++ 207-3771] use of undeclared identifier 'tree' (/home/myuan/Desktop/MCTS/FPGA-Accelerated-MCTS/cpp_src/ucteq.cpp:180:6)
ERROR: [v++ 207-3771] use of undeclared identifier 'tree' (/home/myuan/Desktop/MCTS/FPGA-Accelerated-MCTS/cpp_src/ucteq.cpp:181:6)
ERROR: [v++ 207-59] too many errors emitted, stopping now
ERROR: [v++ 60-300] Failed to build kernel(ip) top, see log for details: /home/myuan/Desktop/MCTS/FPGA-Accelerated-MCTS/cpp_src/hw_emu/_x/top/top/vitis_hls.log
ERROR: [v++ 60-773] In '/home/myuan/Desktop/MCTS/FPGA-Accelerated-MCTS/cpp_src/hw_emu/_x/top/top/vitis_hls.log', caught Tcl error: ERROR: [HLS 207-3771] use of undeclared identifier 'IDRobject' (/home/myuan/Desktop/MCTS/FPGA-Accelerated-MCTS/cpp_src/ucteq.h:121:21)
ERROR: [v++ 60-773] In '/home/myuan/Desktop/MCTS/FPGA-Accelerated-MCTS/cpp_src/hw_emu/_x/top/top/vitis_hls.log', caught Tcl error: ERROR: [HLS 207-3771] use of undeclared identifier 'IDRobject' (/home/myuan/Desktop/MCTS/FPGA-Accelerated-MCTS/cpp_src/ucteq.h:122:21)
ERROR: [v++ 60-773] In '/home/myuan/Desktop/MCTS/FPGA-Accelerated-MCTS/cpp_src/hw_emu/_x/top/top/vitis_hls.log', caught Tcl error: ERROR: [HLS 207-3771] use of undeclared identifier 'pw' (/home/myuan/Desktop/MCTS/FPGA-Accelerated-MCTS/cpp_src/ucteq.cpp:63:44)
ERROR: [v++ 60-773] In '/home/myuan/Desktop/MCTS/FPGA-Accelerated-MCTS/cpp_src/hw_emu/_x/top/top/vitis_hls.log', caught Tcl error: ERROR: [HLS 207-3771] use of undeclared identifier 'pw' (/home/myuan/Desktop/MCTS/FPGA-Accelerated-MCTS/cpp_src/ucteq.cpp:66:44)
ERROR: [v++ 60-773] In '/home/myuan/Desktop/MCTS/FPGA-Accelerated-MCTS/cpp_src/hw_emu/_x/top/top/vitis_hls.log', caught Tcl error: ERROR: [HLS 207-3771] use of undeclared identifier 'pw' (/home/myuan/Desktop/MCTS/FPGA-Accelerated-MCTS/cpp_src/ucteq.cpp:69:44)
ERROR: [v++ 60-773] In '/home/myuan/Desktop/MCTS/FPGA-Accelerated-MCTS/cpp_src/hw_emu/_x/top/top/vitis_hls.log', caught Tcl error: ERROR: [HLS 207-3771] use of undeclared identifier 'pw' (/home/myuan/Desktop/MCTS/FPGA-Accelerated-MCTS/cpp_src/ucteq.cpp:104:47)
ERROR: [v++ 60-773] In '/home/myuan/Desktop/MCTS/FPGA-Accelerated-MCTS/cpp_src/hw_emu/_x/top/top/vitis_hls.log', caught Tcl error: ERROR: [HLS 207-3771] use of undeclared identifier 'pw' (/home/myuan/Desktop/MCTS/FPGA-Accelerated-MCTS/cpp_src/ucteq.cpp:107:47)
ERROR: [v++ 60-773] In '/home/myuan/Desktop/MCTS/FPGA-Accelerated-MCTS/cpp_src/hw_emu/_x/top/top/vitis_hls.log', caught Tcl error: ERROR: [HLS 207-3771] use of undeclared identifier 'pw' (/home/myuan/Desktop/MCTS/FPGA-Accelerated-MCTS/cpp_src/ucteq.cpp:110:47)
ERROR: [v++ 60-773] In '/home/myuan/Desktop/MCTS/FPGA-Accelerated-MCTS/cpp_src/hw_emu/_x/top/top/vitis_hls.log', caught Tcl error: ERROR: [HLS 207-2967] no member named 'cind' in 'node' (/home/myuan/Desktop/MCTS/FPGA-Accelerated-MCTS/cpp_src/ucteq.cpp:141:37)
ERROR: [v++ 60-773] In '/home/myuan/Desktop/MCTS/FPGA-Accelerated-MCTS/cpp_src/hw_emu/_x/top/top/vitis_hls.log', caught Tcl error: ERROR: [HLS 207-3771] use of undeclared identifier 'max_child' (/home/myuan/Desktop/MCTS/FPGA-Accelerated-MCTS/cpp_src/ucteq.cpp:144:22)
ERROR: [v++ 60-773] In '/home/myuan/Desktop/MCTS/FPGA-Accelerated-MCTS/cpp_src/hw_emu/_x/top/top/vitis_hls.log', caught Tcl error: ERROR: [HLS 207-3334] no matching function for call to 'subT1_pipl' (/home/myuan/Desktop/MCTS/FPGA-Accelerated-MCTS/cpp_src/ucteq.cpp:162:7)
ERROR: [v++ 60-773] In '/home/myuan/Desktop/MCTS/FPGA-Accelerated-MCTS/cpp_src/hw_emu/_x/top/top/vitis_hls.log', caught Tcl error: ERROR: [HLS 207-3771] use of undeclared identifier 'collect_out' (/home/myuan/Desktop/MCTS/FPGA-Accelerated-MCTS/cpp_src/ucteq.cpp:165:7)
ERROR: [v++ 60-773] In '/home/myuan/Desktop/MCTS/FPGA-Accelerated-MCTS/cpp_src/hw_emu/_x/top/top/vitis_hls.log', caught Tcl error: ERROR: [HLS 207-3771] use of undeclared identifier 'counter' (/home/myuan/Desktop/MCTS/FPGA-Accelerated-MCTS/cpp_src/ucteq.cpp:173:5)
ERROR: [v++ 60-773] In '/home/myuan/Desktop/MCTS/FPGA-Accelerated-MCTS/cpp_src/hw_emu/_x/top/top/vitis_hls.log', caught Tcl error: ERROR: [HLS 207-3771] use of undeclared identifier 'tree' (/home/myuan/Desktop/MCTS/FPGA-Accelerated-MCTS/cpp_src/ucteq.cpp:174:5)
ERROR: [v++ 60-773] In '/home/myuan/Desktop/MCTS/FPGA-Accelerated-MCTS/cpp_src/hw_emu/_x/top/top/vitis_hls.log', caught Tcl error: ERROR: [HLS 207-3771] use of undeclared identifier 'tree' (/home/myuan/Desktop/MCTS/FPGA-Accelerated-MCTS/cpp_src/ucteq.cpp:175:5)
ERROR: [v++ 60-773] In '/home/myuan/Desktop/MCTS/FPGA-Accelerated-MCTS/cpp_src/hw_emu/_x/top/top/vitis_hls.log', caught Tcl error: ERROR: [HLS 207-3771] use of undeclared identifier 'tree' (/home/myuan/Desktop/MCTS/FPGA-Accelerated-MCTS/cpp_src/ucteq.cpp:176:5)
ERROR: [v++ 60-773] In '/home/myuan/Desktop/MCTS/FPGA-Accelerated-MCTS/cpp_src/hw_emu/_x/top/top/vitis_hls.log', caught Tcl error: ERROR: [HLS 207-3771] use of undeclared identifier 'tree' (/home/myuan/Desktop/MCTS/FPGA-Accelerated-MCTS/cpp_src/ucteq.cpp:179:2)
ERROR: [v++ 60-773] In '/home/myuan/Desktop/MCTS/FPGA-Accelerated-MCTS/cpp_src/hw_emu/_x/top/top/vitis_hls.log', caught Tcl error: ERROR: [HLS 207-3771] use of undeclared identifier 'tree' (/home/myuan/Desktop/MCTS/FPGA-Accelerated-MCTS/cpp_src/ucteq.cpp:180:6)
ERROR: [v++ 60-773] In '/home/myuan/Desktop/MCTS/FPGA-Accelerated-MCTS/cpp_src/hw_emu/_x/top/top/vitis_hls.log', caught Tcl error: ERROR: [HLS 207-3771] use of undeclared identifier 'tree' (/home/myuan/Desktop/MCTS/FPGA-Accelerated-MCTS/cpp_src/ucteq.cpp:181:6)
ERROR: [v++ 60-773] In '/home/myuan/Desktop/MCTS/FPGA-Accelerated-MCTS/cpp_src/hw_emu/_x/top/top/vitis_hls.log', caught Tcl error: ERROR: [HLS 207-59] too many errors emitted, stopping now
ERROR: [v++ 60-599] Kernel compilation failed to complete
ERROR: [v++ 60-592] Failed to finish compilation
INFO: [v++ 60-1653] Closing dispatch client.
