INFO: [v++ 60-1306] Additional information associated with this v++ compile can be found at:
	Reports: /home/myuan/Desktop/MCTS/FPGA-Accelerated-MCTS/cpp_src/hw_emu/_x/reports/top
	Log files: /home/myuan/Desktop/MCTS/FPGA-Accelerated-MCTS/cpp_src/hw_emu/_x/logs/top
INFO: [v++ 60-1548] Creating build summary session with primary output /home/myuan/Desktop/MCTS/FPGA-Accelerated-MCTS/cpp_src/hw_emu/top.xo.compile_summary, at Sun Jan 24 08:15:55 2021
INFO: [v++ 60-1316] Initiating connection to rulecheck server, at Sun Jan 24 08:15:55 2021
INFO: [v++ 60-1315] Creating rulecheck session with output '/home/myuan/Desktop/MCTS/FPGA-Accelerated-MCTS/cpp_src/hw_emu/_x/reports/top/v++_compile_top_guidance.html', at Sun Jan 24 08:15:56 2021
INFO: [v++ 60-895]   Target platform: /opt/xilinx/platforms/xilinx_u200_gen3x16_xdma_1_202110_1/xilinx_u200_gen3x16_xdma_1_202110_1.xpfm
INFO: [v++ 60-1578]   This platform contains Xilinx Shell Archive '/opt/xilinx/platforms/xilinx_u200_gen3x16_xdma_1_202110_1/hw/hw.xsa'
INFO: [v++ 74-78] Compiler Version string: 2021.2
INFO: [v++ 60-585] Compiling for hardware emulation target
INFO: [v++ 60-423]   Target device: xilinx_u200_gen3x16_xdma_1_202110_1
INFO: [v++ 60-242] Creating kernel: 'top'

===>The following messages were generated while  performing high-level synthesis for kernel: top Log file: /home/myuan/Desktop/MCTS/FPGA-Accelerated-MCTS/cpp_src/hw_emu/_x/top/top/vitis_hls.log :
ERROR: [v++ 207-2103] size of array has non-integer type 'typename __gnu_cxx::__promote_2<int, int>::__type' (aka 'double') (/home/myuan/Desktop/MCTS/FPGA-Accelerated-MCTS/cpp_src/ucteq.cpp:338:19)
ERROR: [v++ 207-2103] size of array has non-integer type 'typename __gnu_cxx::__promote_2<int, int>::__type' (aka 'double') (/home/myuan/Desktop/MCTS/FPGA-Accelerated-MCTS/cpp_src/ucteq.cpp:340:19)
ERROR: [v++ 207-2103] size of array has non-integer type 'typename __gnu_cxx::__promote_2<int, int>::__type' (aka 'double') (/home/myuan/Desktop/MCTS/FPGA-Accelerated-MCTS/cpp_src/ucteq.cpp:342:19)
ERROR: [v++ 207-1213] expected ';' after expression (/home/myuan/Desktop/MCTS/FPGA-Accelerated-MCTS/cpp_src/ucteq.cpp:397:36)
ERROR: [v++ 207-3796] unknown type name 'IDRobject' (/home/myuan/Desktop/MCTS/FPGA-Accelerated-MCTS/cpp_src/ucteq.cpp:434:2)
ERROR: [v++ 207-3771] use of undeclared identifier 'max_uct' (/home/myuan/Desktop/MCTS/FPGA-Accelerated-MCTS/cpp_src/ucteq.cpp:470:18)
ERROR: [v++ 207-3771] use of undeclared identifier 'max_uct' (/home/myuan/Desktop/MCTS/FPGA-Accelerated-MCTS/cpp_src/ucteq.cpp:471:12)
ERROR: [v++ 207-3772] use of undeclared identifier 'widpipe_out'; did you mean 'IDRpipe_out'? (/home/myuan/Desktop/MCTS/FPGA-Accelerated-MCTS/cpp_src/ucteq.cpp:490:2)
ERROR: [v++ 207-3445] reference to type 'const BpSel_inputObj' could not bind to an lvalue of type 'int' (/home/myuan/Desktop/MCTS/FPGA-Accelerated-MCTS/cpp_src/ucteq.cpp:490:20)
ERROR: [v++ 207-7] expected '}' (/home/myuan/Desktop/MCTS/FPGA-Accelerated-MCTS/cpp_src/ucteq.cpp:491:2)
ERROR: [v++ 60-300] Failed to build kernel(ip) top, see log for details: /home/myuan/Desktop/MCTS/FPGA-Accelerated-MCTS/cpp_src/hw_emu/_x/top/top/vitis_hls.log
ERROR: [v++ 60-773] In '/home/myuan/Desktop/MCTS/FPGA-Accelerated-MCTS/cpp_src/hw_emu/_x/top/top/vitis_hls.log', caught Tcl error: ERROR: [HLS 207-2103] size of array has non-integer type 'typename __gnu_cxx::__promote_2<int, int>::__type' (aka 'double') (/home/myuan/Desktop/MCTS/FPGA-Accelerated-MCTS/cpp_src/ucteq.cpp:338:19)
ERROR: [v++ 60-773] In '/home/myuan/Desktop/MCTS/FPGA-Accelerated-MCTS/cpp_src/hw_emu/_x/top/top/vitis_hls.log', caught Tcl error: ERROR: [HLS 207-2103] size of array has non-integer type 'typename __gnu_cxx::__promote_2<int, int>::__type' (aka 'double') (/home/myuan/Desktop/MCTS/FPGA-Accelerated-MCTS/cpp_src/ucteq.cpp:340:19)
ERROR: [v++ 60-773] In '/home/myuan/Desktop/MCTS/FPGA-Accelerated-MCTS/cpp_src/hw_emu/_x/top/top/vitis_hls.log', caught Tcl error: ERROR: [HLS 207-2103] size of array has non-integer type 'typename __gnu_cxx::__promote_2<int, int>::__type' (aka 'double') (/home/myuan/Desktop/MCTS/FPGA-Accelerated-MCTS/cpp_src/ucteq.cpp:342:19)
ERROR: [v++ 60-773] In '/home/myuan/Desktop/MCTS/FPGA-Accelerated-MCTS/cpp_src/hw_emu/_x/top/top/vitis_hls.log', caught Tcl error: ERROR: [HLS 207-1213] expected ';' after expression (/home/myuan/Desktop/MCTS/FPGA-Accelerated-MCTS/cpp_src/ucteq.cpp:397:36)
ERROR: [v++ 60-773] In '/home/myuan/Desktop/MCTS/FPGA-Accelerated-MCTS/cpp_src/hw_emu/_x/top/top/vitis_hls.log', caught Tcl error: ERROR: [HLS 207-3796] unknown type name 'IDRobject' (/home/myuan/Desktop/MCTS/FPGA-Accelerated-MCTS/cpp_src/ucteq.cpp:434:2)
ERROR: [v++ 60-773] In '/home/myuan/Desktop/MCTS/FPGA-Accelerated-MCTS/cpp_src/hw_emu/_x/top/top/vitis_hls.log', caught Tcl error: ERROR: [HLS 207-3771] use of undeclared identifier 'max_uct' (/home/myuan/Desktop/MCTS/FPGA-Accelerated-MCTS/cpp_src/ucteq.cpp:470:18)
ERROR: [v++ 60-773] In '/home/myuan/Desktop/MCTS/FPGA-Accelerated-MCTS/cpp_src/hw_emu/_x/top/top/vitis_hls.log', caught Tcl error: ERROR: [HLS 207-3771] use of undeclared identifier 'max_uct' (/home/myuan/Desktop/MCTS/FPGA-Accelerated-MCTS/cpp_src/ucteq.cpp:471:12)
ERROR: [v++ 60-773] In '/home/myuan/Desktop/MCTS/FPGA-Accelerated-MCTS/cpp_src/hw_emu/_x/top/top/vitis_hls.log', caught Tcl error: ERROR: [HLS 207-3772] use of undeclared identifier 'widpipe_out'; did you mean 'IDRpipe_out'? (/home/myuan/Desktop/MCTS/FPGA-Accelerated-MCTS/cpp_src/ucteq.cpp:490:2)
ERROR: [v++ 60-773] In '/home/myuan/Desktop/MCTS/FPGA-Accelerated-MCTS/cpp_src/hw_emu/_x/top/top/vitis_hls.log', caught Tcl error: ERROR: [HLS 207-3445] reference to type 'const BpSel_inputObj' could not bind to an lvalue of type 'int' (/home/myuan/Desktop/MCTS/FPGA-Accelerated-MCTS/cpp_src/ucteq.cpp:490:20)
ERROR: [v++ 60-773] In '/home/myuan/Desktop/MCTS/FPGA-Accelerated-MCTS/cpp_src/hw_emu/_x/top/top/vitis_hls.log', caught Tcl error: ERROR: [HLS 207-7] expected '}' (/home/myuan/Desktop/MCTS/FPGA-Accelerated-MCTS/cpp_src/ucteq.cpp:491:2)
ERROR: [v++ 60-599] Kernel compilation failed to complete
ERROR: [v++ 60-592] Failed to finish compilation
INFO: [v++ 60-1653] Closing dispatch client.
