

================================================================
== Vitis HLS Report for 'subT1_pipl'
================================================================
* Date:           Sun Jan 24 08:16:21 2021

* Version:        2021.2 (Build 3367213 on Tue Oct 19 02:47:39 MDT 2021)
* Project:        top
* Solution:       solution (Vitis Kernel Flow Target)
* Product family: virtexuplus
* Target device:  xcu200-fsgd2104-2-e


================================================================
== Performance Estimates
================================================================
+ Timing: 
    * Summary: 
    +--------+---------+----------+------------+
    |  Clock |  Target | Estimated| Uncertainty|
    +--------+---------+----------+------------+
    |ap_clk  |  3.33 ns|  2.433 ns|     0.90 ns|
    +--------+---------+----------+------------+

+ Latency: 
    * Summary: 
    +---------+---------+----------+----------+-----+-----+---------+
    |  Latency (cycles) |  Latency (absolute) |  Interval | Pipeline|
    |   min   |   max   |    min   |    max   | min | max |   Type  |
    +---------+---------+----------+----------+-----+-----+---------+
    |        ?|        ?|         ?|         ?|    ?|    ?|       no|
    +---------+---------+----------+----------+-----+-----+---------+

    + Detail: 
        * Instance: 
        N/A

        * Loop: 
        +--------------------+---------+---------+----------+-----------+-----------+------+----------+
        |                    |  Latency (cycles) | Iteration|  Initiation Interval  | Trip |          |
        |      Loop Name     |   min   |   max   |  Latency |  achieved |   target  | Count| Pipelined|
        +--------------------+---------+---------+----------+-----------+-----------+------+----------+
        |- VITIS_LOOP_304_1  |        ?|        ?|    2 ~ 39|          -|          -|     ?|        no|
        +--------------------+---------+---------+----------+-----------+-----------+------+----------+

============================================================
+ Verbose Summary: Synthesis Manager
============================================================
InlineROM: 1
ExposeGlobal: 0
============================================================
+ Verbose Summary: CDFG Model
============================================================
IsTopModel: 0
ResetActiveHigh: 1
IsCombinational: 0
IsDatapathOnly: 0
HasWiredReturn: 1
HasMFsm: 0
HasVarLatency: 1
IsPipeline: 0
IsRtlPipelined: 0
IsInstanceOverlapped: 0
IsDontTouch: 0
HasImplIP: 0
IsGatedGlobalClock: 0


============================================================
+ Verbose Summary: Schedule
============================================================
* Number of FSM states : 14
* Pipeline : 0
* Dataflow Pipeline: 0

* FSM state transitions: 
1 --> 2 
2 --> 3 14 
3 --> 4 
4 --> 5 
5 --> 6 
6 --> 7 
7 --> 8 
8 --> 9 
9 --> 10 
10 --> 11 
11 --> 12 
12 --> 13 
13 --> 14 
14 --> 2 

* FSM state operations: 

State 1 <SV = 0> <Delay = 0.00>
ST_1 : Operation 15 [1/1] (0.00ns)   --->   "%specmemcore_ln0 = specmemcore void @_ssdm_op_SpecMemCore, i128 %OutTuppipe1, i64 666, i64 10, i64 18446744073709551615"   --->   Operation 15 'specmemcore' 'specmemcore_ln0' <Predicate = true> <Delay = 0.00>
ST_1 : Operation 16 [1/1] (0.00ns)   --->   "%specmemcore_ln0 = specmemcore void @_ssdm_op_SpecMemCore, i1 %Wsigpipe1161, i64 666, i64 10, i64 18446744073709551615"   --->   Operation 16 'specmemcore' 'specmemcore_ln0' <Predicate = true> <Delay = 0.00>
ST_1 : Operation 17 [1/1] (0.00ns)   --->   "%specmemcore_ln0 = specmemcore void @_ssdm_op_SpecMemCore, i52 %IDRpipe1, i64 666, i64 10, i64 18446744073709551615"   --->   Operation 17 'specmemcore' 'specmemcore_ln0' <Predicate = true> <Delay = 0.00>
ST_1 : Operation 18 [1/1] (0.00ns)   --->   "%specinterface_ln0 = specinterface void @_ssdm_op_SpecInterface, i128 %OutTuppipe1, void @empty_2, i32 0, i32 0, void @empty, i32 0, i32 0, void @empty, void @empty, void @empty, i32 0, i32 0, i32 0, i32 0, void @empty, void @empty"   --->   Operation 18 'specinterface' 'specinterface_ln0' <Predicate = true> <Delay = 0.00>
ST_1 : Operation 19 [1/1] (0.00ns)   --->   "%specinterface_ln0 = specinterface void @_ssdm_op_SpecInterface, i1 %Wsigpipe1161, void @empty_2, i32 0, i32 0, void @empty, i32 0, i32 0, void @empty, void @empty, void @empty, i32 0, i32 0, i32 0, i32 0, void @empty, void @empty"   --->   Operation 19 'specinterface' 'specinterface_ln0' <Predicate = true> <Delay = 0.00>
ST_1 : Operation 20 [1/1] (0.00ns)   --->   "%specinterface_ln0 = specinterface void @_ssdm_op_SpecInterface, i52 %IDRpipe1, void @empty_2, i32 0, i32 0, void @empty, i32 0, i32 0, void @empty, void @empty, void @empty, i32 0, i32 0, i32 0, i32 0, void @empty, void @empty"   --->   Operation 20 'specinterface' 'specinterface_ln0' <Predicate = true> <Delay = 0.00>
ST_1 : Operation 21 [1/1] (0.00ns)   --->   "%lev_retpipe = alloca i64 1" [/home/myuan/Desktop/MCTS/FPGA-Accelerated-MCTS/cpp_src/ucteq.cpp:253]   --->   Operation 21 'alloca' 'lev_retpipe' <Predicate = true> <Delay = 0.00> <CoreInst = "FIFO_SRL">   --->   Core 81 'FIFO_SRL' <Latency = 0> <II = 1> <Delay = 1.42> <Storage> <Opcode : 'read' 'write' 'nbread' 'nbwrite'> <Ports = 0> <Width = 1> <Depth = 1> <FIFO>
ST_1 : Operation 22 [1/1] (0.00ns)   --->   "%empty = specchannel i32 @_ssdm_op_SpecChannel, void @lev_retpipe_str, i32 1, void @p_str, void @p_str, i32 1, i32 1, i1 %lev_retpipe, i1 %lev_retpipe"   --->   Operation 22 'specchannel' 'empty' <Predicate = true> <Delay = 0.00>
ST_1 : Operation 23 [1/1] (0.00ns)   --->   "%specinterface_ln0 = specinterface void @_ssdm_op_SpecInterface, i1 %lev_retpipe, void @empty_2, i32 0, i32 0, void @empty, i32 0, i32 0, void @empty, void @empty, void @empty, i32 0, i32 0, i32 0, i32 0, void @empty, void @empty"   --->   Operation 23 'specinterface' 'specinterface_ln0' <Predicate = true> <Delay = 0.00>
ST_1 : Operation 24 [1/1] (0.00ns)   --->   "%lev_retpipe_6 = alloca i64 1" [/home/myuan/Desktop/MCTS/FPGA-Accelerated-MCTS/cpp_src/ucteq.cpp:253]   --->   Operation 24 'alloca' 'lev_retpipe_6' <Predicate = true> <Delay = 0.00> <CoreInst = "FIFO_SRL">   --->   Core 81 'FIFO_SRL' <Latency = 0> <II = 1> <Delay = 1.42> <Storage> <Opcode : 'read' 'write' 'nbread' 'nbwrite'> <Ports = 0> <Width = 1> <Depth = 1> <FIFO>
ST_1 : Operation 25 [1/1] (0.00ns)   --->   "%empty_45 = specchannel i32 @_ssdm_op_SpecChannel, void @lev_retpipe_OC_6_str, i32 1, void @p_str, void @p_str, i32 1, i32 1, i1 %lev_retpipe_6, i1 %lev_retpipe_6"   --->   Operation 25 'specchannel' 'empty_45' <Predicate = true> <Delay = 0.00>
ST_1 : Operation 26 [1/1] (0.00ns)   --->   "%specinterface_ln0 = specinterface void @_ssdm_op_SpecInterface, i1 %lev_retpipe_6, void @empty_2, i32 0, i32 0, void @empty, i32 0, i32 0, void @empty, void @empty, void @empty, i32 0, i32 0, i32 0, i32 0, void @empty, void @empty"   --->   Operation 26 'specinterface' 'specinterface_ln0' <Predicate = true> <Delay = 0.00>
ST_1 : Operation 27 [1/1] (0.00ns)   --->   "%lev_retpipe_7 = alloca i64 1" [/home/myuan/Desktop/MCTS/FPGA-Accelerated-MCTS/cpp_src/ucteq.cpp:253]   --->   Operation 27 'alloca' 'lev_retpipe_7' <Predicate = true> <Delay = 0.00> <CoreInst = "FIFO_SRL">   --->   Core 81 'FIFO_SRL' <Latency = 0> <II = 1> <Delay = 1.42> <Storage> <Opcode : 'read' 'write' 'nbread' 'nbwrite'> <Ports = 0> <Width = 1> <Depth = 1> <FIFO>
ST_1 : Operation 28 [1/1] (0.00ns)   --->   "%empty_46 = specchannel i32 @_ssdm_op_SpecChannel, void @lev_retpipe_OC_7_str, i32 1, void @p_str, void @p_str, i32 1, i32 1, i1 %lev_retpipe_7, i1 %lev_retpipe_7"   --->   Operation 28 'specchannel' 'empty_46' <Predicate = true> <Delay = 0.00>
ST_1 : Operation 29 [1/1] (0.00ns)   --->   "%specinterface_ln0 = specinterface void @_ssdm_op_SpecInterface, i1 %lev_retpipe_7, void @empty_2, i32 0, i32 0, void @empty, i32 0, i32 0, void @empty, void @empty, void @empty, i32 0, i32 0, i32 0, i32 0, void @empty, void @empty"   --->   Operation 29 'specinterface' 'specinterface_ln0' <Predicate = true> <Delay = 0.00>
ST_1 : Operation 30 [1/1] (0.00ns)   --->   "%lev_retpipe_8 = alloca i64 1" [/home/myuan/Desktop/MCTS/FPGA-Accelerated-MCTS/cpp_src/ucteq.cpp:253]   --->   Operation 30 'alloca' 'lev_retpipe_8' <Predicate = true> <Delay = 0.00> <CoreInst = "FIFO_SRL">   --->   Core 81 'FIFO_SRL' <Latency = 0> <II = 1> <Delay = 1.42> <Storage> <Opcode : 'read' 'write' 'nbread' 'nbwrite'> <Ports = 0> <Width = 1> <Depth = 1> <FIFO>
ST_1 : Operation 31 [1/1] (0.00ns)   --->   "%empty_47 = specchannel i32 @_ssdm_op_SpecChannel, void @lev_retpipe_OC_8_str, i32 1, void @p_str, void @p_str, i32 1, i32 1, i1 %lev_retpipe_8, i1 %lev_retpipe_8"   --->   Operation 31 'specchannel' 'empty_47' <Predicate = true> <Delay = 0.00>
ST_1 : Operation 32 [1/1] (0.00ns)   --->   "%specinterface_ln0 = specinterface void @_ssdm_op_SpecInterface, i1 %lev_retpipe_8, void @empty_2, i32 0, i32 0, void @empty, i32 0, i32 0, void @empty, void @empty, void @empty, i32 0, i32 0, i32 0, i32 0, void @empty, void @empty"   --->   Operation 32 'specinterface' 'specinterface_ln0' <Predicate = true> <Delay = 0.00>
ST_1 : Operation 33 [1/1] (0.00ns)   --->   "%lev_retpipe_9 = alloca i64 1" [/home/myuan/Desktop/MCTS/FPGA-Accelerated-MCTS/cpp_src/ucteq.cpp:253]   --->   Operation 33 'alloca' 'lev_retpipe_9' <Predicate = true> <Delay = 0.00> <CoreInst = "FIFO_SRL">   --->   Core 81 'FIFO_SRL' <Latency = 0> <II = 1> <Delay = 1.42> <Storage> <Opcode : 'read' 'write' 'nbread' 'nbwrite'> <Ports = 0> <Width = 1> <Depth = 1> <FIFO>
ST_1 : Operation 34 [1/1] (0.00ns)   --->   "%empty_48 = specchannel i32 @_ssdm_op_SpecChannel, void @lev_retpipe_OC_9_str, i32 1, void @p_str, void @p_str, i32 1, i32 1, i1 %lev_retpipe_9, i1 %lev_retpipe_9"   --->   Operation 34 'specchannel' 'empty_48' <Predicate = true> <Delay = 0.00>
ST_1 : Operation 35 [1/1] (0.00ns)   --->   "%specinterface_ln0 = specinterface void @_ssdm_op_SpecInterface, i1 %lev_retpipe_9, void @empty_2, i32 0, i32 0, void @empty, i32 0, i32 0, void @empty, void @empty, void @empty, i32 0, i32 0, i32 0, i32 0, void @empty, void @empty"   --->   Operation 35 'specinterface' 'specinterface_ln0' <Predicate = true> <Delay = 0.00>
ST_1 : Operation 36 [1/1] (0.00ns)   --->   "%lev_retpipe_10 = alloca i64 1" [/home/myuan/Desktop/MCTS/FPGA-Accelerated-MCTS/cpp_src/ucteq.cpp:253]   --->   Operation 36 'alloca' 'lev_retpipe_10' <Predicate = true> <Delay = 0.00> <CoreInst = "FIFO_SRL">   --->   Core 81 'FIFO_SRL' <Latency = 0> <II = 1> <Delay = 1.42> <Storage> <Opcode : 'read' 'write' 'nbread' 'nbwrite'> <Ports = 0> <Width = 1> <Depth = 1> <FIFO>
ST_1 : Operation 37 [1/1] (0.00ns)   --->   "%empty_49 = specchannel i32 @_ssdm_op_SpecChannel, void @lev_retpipe_OC_10_str, i32 1, void @p_str, void @p_str, i32 1, i32 1, i1 %lev_retpipe_10, i1 %lev_retpipe_10"   --->   Operation 37 'specchannel' 'empty_49' <Predicate = true> <Delay = 0.00>
ST_1 : Operation 38 [1/1] (0.00ns)   --->   "%specinterface_ln0 = specinterface void @_ssdm_op_SpecInterface, i1 %lev_retpipe_10, void @empty_2, i32 0, i32 0, void @empty, i32 0, i32 0, void @empty, void @empty, void @empty, i32 0, i32 0, i32 0, i32 0, void @empty, void @empty"   --->   Operation 38 'specinterface' 'specinterface_ln0' <Predicate = true> <Delay = 0.00>
ST_1 : Operation 39 [1/1] (0.00ns)   --->   "%childindexpipe = alloca i64 1" [/home/myuan/Desktop/MCTS/FPGA-Accelerated-MCTS/cpp_src/ucteq.cpp:257]   --->   Operation 39 'alloca' 'childindexpipe' <Predicate = true> <Delay = 0.00> <CoreInst = "FIFO_SRL">   --->   Core 81 'FIFO_SRL' <Latency = 0> <II = 1> <Delay = 1.40> <Storage> <Opcode : 'read' 'write' 'nbread' 'nbwrite'> <Ports = 0> <Width = 64> <Depth = 1> <FIFO>
ST_1 : Operation 40 [1/1] (0.00ns)   --->   "%empty_50 = specchannel i32 @_ssdm_op_SpecChannel, void @childindexpipe_str, i32 1, void @p_str, void @p_str, i32 1, i32 1, i64 %childindexpipe, i64 %childindexpipe"   --->   Operation 40 'specchannel' 'empty_50' <Predicate = true> <Delay = 0.00>
ST_1 : Operation 41 [1/1] (0.00ns)   --->   "%specinterface_ln0 = specinterface void @_ssdm_op_SpecInterface, i64 %childindexpipe, void @empty_2, i32 0, i32 0, void @empty, i32 0, i32 0, void @empty, void @empty, void @empty, i32 0, i32 0, i32 0, i32 0, void @empty, void @empty"   --->   Operation 41 'specinterface' 'specinterface_ln0' <Predicate = true> <Delay = 0.00>
ST_1 : Operation 42 [1/1] (0.00ns)   --->   "%childindexpipe_6 = alloca i64 1" [/home/myuan/Desktop/MCTS/FPGA-Accelerated-MCTS/cpp_src/ucteq.cpp:257]   --->   Operation 42 'alloca' 'childindexpipe_6' <Predicate = true> <Delay = 0.00> <CoreInst = "FIFO_SRL">   --->   Core 81 'FIFO_SRL' <Latency = 0> <II = 1> <Delay = 1.40> <Storage> <Opcode : 'read' 'write' 'nbread' 'nbwrite'> <Ports = 0> <Width = 64> <Depth = 1> <FIFO>
ST_1 : Operation 43 [1/1] (0.00ns)   --->   "%empty_51 = specchannel i32 @_ssdm_op_SpecChannel, void @childindexpipe_OC_6_str, i32 1, void @p_str, void @p_str, i32 1, i32 1, i64 %childindexpipe_6, i64 %childindexpipe_6"   --->   Operation 43 'specchannel' 'empty_51' <Predicate = true> <Delay = 0.00>
ST_1 : Operation 44 [1/1] (0.00ns)   --->   "%specinterface_ln0 = specinterface void @_ssdm_op_SpecInterface, i64 %childindexpipe_6, void @empty_2, i32 0, i32 0, void @empty, i32 0, i32 0, void @empty, void @empty, void @empty, i32 0, i32 0, i32 0, i32 0, void @empty, void @empty"   --->   Operation 44 'specinterface' 'specinterface_ln0' <Predicate = true> <Delay = 0.00>
ST_1 : Operation 45 [1/1] (0.00ns)   --->   "%childindexpipe_7 = alloca i64 1" [/home/myuan/Desktop/MCTS/FPGA-Accelerated-MCTS/cpp_src/ucteq.cpp:257]   --->   Operation 45 'alloca' 'childindexpipe_7' <Predicate = true> <Delay = 0.00> <CoreInst = "FIFO_SRL">   --->   Core 81 'FIFO_SRL' <Latency = 0> <II = 1> <Delay = 1.40> <Storage> <Opcode : 'read' 'write' 'nbread' 'nbwrite'> <Ports = 0> <Width = 64> <Depth = 1> <FIFO>
ST_1 : Operation 46 [1/1] (0.00ns)   --->   "%empty_52 = specchannel i32 @_ssdm_op_SpecChannel, void @childindexpipe_OC_7_str, i32 1, void @p_str, void @p_str, i32 1, i32 1, i64 %childindexpipe_7, i64 %childindexpipe_7"   --->   Operation 46 'specchannel' 'empty_52' <Predicate = true> <Delay = 0.00>
ST_1 : Operation 47 [1/1] (0.00ns)   --->   "%specinterface_ln0 = specinterface void @_ssdm_op_SpecInterface, i64 %childindexpipe_7, void @empty_2, i32 0, i32 0, void @empty, i32 0, i32 0, void @empty, void @empty, void @empty, i32 0, i32 0, i32 0, i32 0, void @empty, void @empty"   --->   Operation 47 'specinterface' 'specinterface_ln0' <Predicate = true> <Delay = 0.00>
ST_1 : Operation 48 [1/1] (0.00ns)   --->   "%childindexpipe_8 = alloca i64 1" [/home/myuan/Desktop/MCTS/FPGA-Accelerated-MCTS/cpp_src/ucteq.cpp:257]   --->   Operation 48 'alloca' 'childindexpipe_8' <Predicate = true> <Delay = 0.00> <CoreInst = "FIFO_SRL">   --->   Core 81 'FIFO_SRL' <Latency = 0> <II = 1> <Delay = 1.40> <Storage> <Opcode : 'read' 'write' 'nbread' 'nbwrite'> <Ports = 0> <Width = 64> <Depth = 1> <FIFO>
ST_1 : Operation 49 [1/1] (0.00ns)   --->   "%empty_53 = specchannel i32 @_ssdm_op_SpecChannel, void @childindexpipe_OC_8_str, i32 1, void @p_str, void @p_str, i32 1, i32 1, i64 %childindexpipe_8, i64 %childindexpipe_8"   --->   Operation 49 'specchannel' 'empty_53' <Predicate = true> <Delay = 0.00>
ST_1 : Operation 50 [1/1] (0.00ns)   --->   "%specinterface_ln0 = specinterface void @_ssdm_op_SpecInterface, i64 %childindexpipe_8, void @empty_2, i32 0, i32 0, void @empty, i32 0, i32 0, void @empty, void @empty, void @empty, i32 0, i32 0, i32 0, i32 0, void @empty, void @empty"   --->   Operation 50 'specinterface' 'specinterface_ln0' <Predicate = true> <Delay = 0.00>
ST_1 : Operation 51 [1/1] (0.00ns)   --->   "%childindexpipe_9 = alloca i64 1" [/home/myuan/Desktop/MCTS/FPGA-Accelerated-MCTS/cpp_src/ucteq.cpp:257]   --->   Operation 51 'alloca' 'childindexpipe_9' <Predicate = true> <Delay = 0.00> <CoreInst = "FIFO_SRL">   --->   Core 81 'FIFO_SRL' <Latency = 0> <II = 1> <Delay = 1.40> <Storage> <Opcode : 'read' 'write' 'nbread' 'nbwrite'> <Ports = 0> <Width = 64> <Depth = 1> <FIFO>
ST_1 : Operation 52 [1/1] (0.00ns)   --->   "%empty_54 = specchannel i32 @_ssdm_op_SpecChannel, void @childindexpipe_OC_9_str, i32 1, void @p_str, void @p_str, i32 1, i32 1, i64 %childindexpipe_9, i64 %childindexpipe_9"   --->   Operation 52 'specchannel' 'empty_54' <Predicate = true> <Delay = 0.00>
ST_1 : Operation 53 [1/1] (0.00ns)   --->   "%specinterface_ln0 = specinterface void @_ssdm_op_SpecInterface, i64 %childindexpipe_9, void @empty_2, i32 0, i32 0, void @empty, i32 0, i32 0, void @empty, void @empty, void @empty, i32 0, i32 0, i32 0, i32 0, void @empty, void @empty"   --->   Operation 53 'specinterface' 'specinterface_ln0' <Predicate = true> <Delay = 0.00>
ST_1 : Operation 54 [1/1] (0.00ns)   --->   "%childindexpipe_10 = alloca i64 1" [/home/myuan/Desktop/MCTS/FPGA-Accelerated-MCTS/cpp_src/ucteq.cpp:257]   --->   Operation 54 'alloca' 'childindexpipe_10' <Predicate = true> <Delay = 0.00> <CoreInst = "FIFO_SRL">   --->   Core 81 'FIFO_SRL' <Latency = 0> <II = 1> <Delay = 1.40> <Storage> <Opcode : 'read' 'write' 'nbread' 'nbwrite'> <Ports = 0> <Width = 64> <Depth = 1> <FIFO>
ST_1 : Operation 55 [1/1] (0.00ns)   --->   "%empty_55 = specchannel i32 @_ssdm_op_SpecChannel, void @childindexpipe_OC_10_str, i32 1, void @p_str, void @p_str, i32 1, i32 1, i64 %childindexpipe_10, i64 %childindexpipe_10"   --->   Operation 55 'specchannel' 'empty_55' <Predicate = true> <Delay = 0.00>
ST_1 : Operation 56 [1/1] (0.00ns)   --->   "%specinterface_ln0 = specinterface void @_ssdm_op_SpecInterface, i64 %childindexpipe_10, void @empty_2, i32 0, i32 0, void @empty, i32 0, i32 0, void @empty, void @empty, void @empty, i32 0, i32 0, i32 0, i32 0, void @empty, void @empty"   --->   Operation 56 'specinterface' 'specinterface_ln0' <Predicate = true> <Delay = 0.00>
ST_1 : Operation 57 [1/1] (0.00ns)   --->   "%IDRpipes = alloca i64 1" [/home/myuan/Desktop/MCTS/FPGA-Accelerated-MCTS/cpp_src/ucteq.cpp:270]   --->   Operation 57 'alloca' 'IDRpipes' <Predicate = true> <Delay = 0.00> <CoreInst = "FIFO_SRL">   --->   Core 81 'FIFO_SRL' <Latency = 0> <II = 1> <Delay = 1.40> <Storage> <Opcode : 'read' 'write' 'nbread' 'nbwrite'> <Ports = 0> <Width = 64> <Depth = 1> <FIFO>
ST_1 : Operation 58 [1/1] (0.00ns)   --->   "%empty_56 = specchannel i32 @_ssdm_op_SpecChannel, void @IDRpipes_str, i32 1, void @p_str, void @p_str, i32 1, i32 1, i64 %IDRpipes, i64 %IDRpipes"   --->   Operation 58 'specchannel' 'empty_56' <Predicate = true> <Delay = 0.00>
ST_1 : Operation 59 [1/1] (0.00ns)   --->   "%specinterface_ln0 = specinterface void @_ssdm_op_SpecInterface, i64 %IDRpipes, void @empty_2, i32 0, i32 0, void @empty, i32 0, i32 0, void @empty, void @empty, void @empty, i32 0, i32 0, i32 0, i32 0, void @empty, void @empty"   --->   Operation 59 'specinterface' 'specinterface_ln0' <Predicate = true> <Delay = 0.00>
ST_1 : Operation 60 [1/1] (0.00ns)   --->   "%IDRpipes_6 = alloca i64 1" [/home/myuan/Desktop/MCTS/FPGA-Accelerated-MCTS/cpp_src/ucteq.cpp:270]   --->   Operation 60 'alloca' 'IDRpipes_6' <Predicate = true> <Delay = 0.00> <CoreInst = "FIFO_SRL">   --->   Core 81 'FIFO_SRL' <Latency = 0> <II = 1> <Delay = 1.40> <Storage> <Opcode : 'read' 'write' 'nbread' 'nbwrite'> <Ports = 0> <Width = 64> <Depth = 1> <FIFO>
ST_1 : Operation 61 [1/1] (0.00ns)   --->   "%empty_57 = specchannel i32 @_ssdm_op_SpecChannel, void @IDRpipes_OC_6_str, i32 1, void @p_str, void @p_str, i32 1, i32 1, i64 %IDRpipes_6, i64 %IDRpipes_6"   --->   Operation 61 'specchannel' 'empty_57' <Predicate = true> <Delay = 0.00>
ST_1 : Operation 62 [1/1] (0.00ns)   --->   "%specinterface_ln0 = specinterface void @_ssdm_op_SpecInterface, i64 %IDRpipes_6, void @empty_2, i32 0, i32 0, void @empty, i32 0, i32 0, void @empty, void @empty, void @empty, i32 0, i32 0, i32 0, i32 0, void @empty, void @empty"   --->   Operation 62 'specinterface' 'specinterface_ln0' <Predicate = true> <Delay = 0.00>
ST_1 : Operation 63 [1/1] (0.00ns)   --->   "%IDRpipes_7 = alloca i64 1" [/home/myuan/Desktop/MCTS/FPGA-Accelerated-MCTS/cpp_src/ucteq.cpp:270]   --->   Operation 63 'alloca' 'IDRpipes_7' <Predicate = true> <Delay = 0.00> <CoreInst = "FIFO_SRL">   --->   Core 81 'FIFO_SRL' <Latency = 0> <II = 1> <Delay = 1.40> <Storage> <Opcode : 'read' 'write' 'nbread' 'nbwrite'> <Ports = 0> <Width = 64> <Depth = 1> <FIFO>
ST_1 : Operation 64 [1/1] (0.00ns)   --->   "%empty_58 = specchannel i32 @_ssdm_op_SpecChannel, void @IDRpipes_OC_7_str, i32 1, void @p_str, void @p_str, i32 1, i32 1, i64 %IDRpipes_7, i64 %IDRpipes_7"   --->   Operation 64 'specchannel' 'empty_58' <Predicate = true> <Delay = 0.00>
ST_1 : Operation 65 [1/1] (0.00ns)   --->   "%specinterface_ln0 = specinterface void @_ssdm_op_SpecInterface, i64 %IDRpipes_7, void @empty_2, i32 0, i32 0, void @empty, i32 0, i32 0, void @empty, void @empty, void @empty, i32 0, i32 0, i32 0, i32 0, void @empty, void @empty"   --->   Operation 65 'specinterface' 'specinterface_ln0' <Predicate = true> <Delay = 0.00>
ST_1 : Operation 66 [1/1] (0.00ns)   --->   "%IDRpipes_8 = alloca i64 1" [/home/myuan/Desktop/MCTS/FPGA-Accelerated-MCTS/cpp_src/ucteq.cpp:270]   --->   Operation 66 'alloca' 'IDRpipes_8' <Predicate = true> <Delay = 0.00> <CoreInst = "FIFO_SRL">   --->   Core 81 'FIFO_SRL' <Latency = 0> <II = 1> <Delay = 1.40> <Storage> <Opcode : 'read' 'write' 'nbread' 'nbwrite'> <Ports = 0> <Width = 64> <Depth = 1> <FIFO>
ST_1 : Operation 67 [1/1] (0.00ns)   --->   "%empty_59 = specchannel i32 @_ssdm_op_SpecChannel, void @IDRpipes_OC_8_str, i32 1, void @p_str, void @p_str, i32 1, i32 1, i64 %IDRpipes_8, i64 %IDRpipes_8"   --->   Operation 67 'specchannel' 'empty_59' <Predicate = true> <Delay = 0.00>
ST_1 : Operation 68 [1/1] (0.00ns)   --->   "%specinterface_ln0 = specinterface void @_ssdm_op_SpecInterface, i64 %IDRpipes_8, void @empty_2, i32 0, i32 0, void @empty, i32 0, i32 0, void @empty, void @empty, void @empty, i32 0, i32 0, i32 0, i32 0, void @empty, void @empty"   --->   Operation 68 'specinterface' 'specinterface_ln0' <Predicate = true> <Delay = 0.00>
ST_1 : Operation 69 [1/1] (0.00ns)   --->   "%IDRpipes_9 = alloca i64 1" [/home/myuan/Desktop/MCTS/FPGA-Accelerated-MCTS/cpp_src/ucteq.cpp:270]   --->   Operation 69 'alloca' 'IDRpipes_9' <Predicate = true> <Delay = 0.00> <CoreInst = "FIFO_SRL">   --->   Core 81 'FIFO_SRL' <Latency = 0> <II = 1> <Delay = 1.40> <Storage> <Opcode : 'read' 'write' 'nbread' 'nbwrite'> <Ports = 0> <Width = 64> <Depth = 1> <FIFO>
ST_1 : Operation 70 [1/1] (0.00ns)   --->   "%empty_60 = specchannel i32 @_ssdm_op_SpecChannel, void @IDRpipes_OC_9_str, i32 1, void @p_str, void @p_str, i32 1, i32 1, i64 %IDRpipes_9, i64 %IDRpipes_9"   --->   Operation 70 'specchannel' 'empty_60' <Predicate = true> <Delay = 0.00>
ST_1 : Operation 71 [1/1] (0.00ns)   --->   "%specinterface_ln0 = specinterface void @_ssdm_op_SpecInterface, i64 %IDRpipes_9, void @empty_2, i32 0, i32 0, void @empty, i32 0, i32 0, void @empty, void @empty, void @empty, i32 0, i32 0, i32 0, i32 0, void @empty, void @empty"   --->   Operation 71 'specinterface' 'specinterface_ln0' <Predicate = true> <Delay = 0.00>
ST_1 : Operation 72 [1/1] (0.00ns)   --->   "%IDRpipes_10 = alloca i64 1" [/home/myuan/Desktop/MCTS/FPGA-Accelerated-MCTS/cpp_src/ucteq.cpp:270]   --->   Operation 72 'alloca' 'IDRpipes_10' <Predicate = true> <Delay = 0.00> <CoreInst = "FIFO_SRL">   --->   Core 81 'FIFO_SRL' <Latency = 0> <II = 1> <Delay = 1.40> <Storage> <Opcode : 'read' 'write' 'nbread' 'nbwrite'> <Ports = 0> <Width = 64> <Depth = 1> <FIFO>
ST_1 : Operation 73 [1/1] (0.00ns)   --->   "%empty_61 = specchannel i32 @_ssdm_op_SpecChannel, void @IDRpipes_OC_10_str, i32 1, void @p_str, void @p_str, i32 1, i32 1, i64 %IDRpipes_10, i64 %IDRpipes_10"   --->   Operation 73 'specchannel' 'empty_61' <Predicate = true> <Delay = 0.00>
ST_1 : Operation 74 [1/1] (0.00ns)   --->   "%specinterface_ln0 = specinterface void @_ssdm_op_SpecInterface, i64 %IDRpipes_10, void @empty_2, i32 0, i32 0, void @empty, i32 0, i32 0, void @empty, void @empty, void @empty, i32 0, i32 0, i32 0, i32 0, void @empty, void @empty"   --->   Operation 74 'specinterface' 'specinterface_ln0' <Predicate = true> <Delay = 0.00>
ST_1 : Operation 75 [1/1] (0.00ns)   --->   "%specmemcore_ln254 = specmemcore void @_ssdm_op_SpecMemCore, i1 %lev_retpipe_10, i64 666, i64 10, i64 18446744073709551615" [/home/myuan/Desktop/MCTS/FPGA-Accelerated-MCTS/cpp_src/ucteq.cpp:254]   --->   Operation 75 'specmemcore' 'specmemcore_ln254' <Predicate = true> <Delay = 0.00>
ST_1 : Operation 76 [1/1] (0.00ns)   --->   "%specmemcore_ln254 = specmemcore void @_ssdm_op_SpecMemCore, i1 %lev_retpipe_9, i64 666, i64 10, i64 18446744073709551615" [/home/myuan/Desktop/MCTS/FPGA-Accelerated-MCTS/cpp_src/ucteq.cpp:254]   --->   Operation 76 'specmemcore' 'specmemcore_ln254' <Predicate = true> <Delay = 0.00>
ST_1 : Operation 77 [1/1] (0.00ns)   --->   "%specmemcore_ln254 = specmemcore void @_ssdm_op_SpecMemCore, i1 %lev_retpipe_8, i64 666, i64 10, i64 18446744073709551615" [/home/myuan/Desktop/MCTS/FPGA-Accelerated-MCTS/cpp_src/ucteq.cpp:254]   --->   Operation 77 'specmemcore' 'specmemcore_ln254' <Predicate = true> <Delay = 0.00>
ST_1 : Operation 78 [1/1] (0.00ns)   --->   "%specmemcore_ln254 = specmemcore void @_ssdm_op_SpecMemCore, i1 %lev_retpipe_7, i64 666, i64 10, i64 18446744073709551615" [/home/myuan/Desktop/MCTS/FPGA-Accelerated-MCTS/cpp_src/ucteq.cpp:254]   --->   Operation 78 'specmemcore' 'specmemcore_ln254' <Predicate = true> <Delay = 0.00>
ST_1 : Operation 79 [1/1] (0.00ns)   --->   "%specmemcore_ln254 = specmemcore void @_ssdm_op_SpecMemCore, i1 %lev_retpipe_6, i64 666, i64 10, i64 18446744073709551615" [/home/myuan/Desktop/MCTS/FPGA-Accelerated-MCTS/cpp_src/ucteq.cpp:254]   --->   Operation 79 'specmemcore' 'specmemcore_ln254' <Predicate = true> <Delay = 0.00>
ST_1 : Operation 80 [1/1] (0.00ns)   --->   "%specmemcore_ln254 = specmemcore void @_ssdm_op_SpecMemCore, i1 %lev_retpipe, i64 666, i64 10, i64 18446744073709551615" [/home/myuan/Desktop/MCTS/FPGA-Accelerated-MCTS/cpp_src/ucteq.cpp:254]   --->   Operation 80 'specmemcore' 'specmemcore_ln254' <Predicate = true> <Delay = 0.00>
ST_1 : Operation 81 [1/1] (0.00ns)   --->   "%specmemcore_ln258 = specmemcore void @_ssdm_op_SpecMemCore, i64 %childindexpipe_10, i64 666, i64 10, i64 18446744073709551615" [/home/myuan/Desktop/MCTS/FPGA-Accelerated-MCTS/cpp_src/ucteq.cpp:258]   --->   Operation 81 'specmemcore' 'specmemcore_ln258' <Predicate = true> <Delay = 0.00>
ST_1 : Operation 82 [1/1] (0.00ns)   --->   "%specmemcore_ln258 = specmemcore void @_ssdm_op_SpecMemCore, i64 %childindexpipe_9, i64 666, i64 10, i64 18446744073709551615" [/home/myuan/Desktop/MCTS/FPGA-Accelerated-MCTS/cpp_src/ucteq.cpp:258]   --->   Operation 82 'specmemcore' 'specmemcore_ln258' <Predicate = true> <Delay = 0.00>
ST_1 : Operation 83 [1/1] (0.00ns)   --->   "%specmemcore_ln258 = specmemcore void @_ssdm_op_SpecMemCore, i64 %childindexpipe_8, i64 666, i64 10, i64 18446744073709551615" [/home/myuan/Desktop/MCTS/FPGA-Accelerated-MCTS/cpp_src/ucteq.cpp:258]   --->   Operation 83 'specmemcore' 'specmemcore_ln258' <Predicate = true> <Delay = 0.00>
ST_1 : Operation 84 [1/1] (0.00ns)   --->   "%specmemcore_ln258 = specmemcore void @_ssdm_op_SpecMemCore, i64 %childindexpipe_7, i64 666, i64 10, i64 18446744073709551615" [/home/myuan/Desktop/MCTS/FPGA-Accelerated-MCTS/cpp_src/ucteq.cpp:258]   --->   Operation 84 'specmemcore' 'specmemcore_ln258' <Predicate = true> <Delay = 0.00>
ST_1 : Operation 85 [1/1] (0.00ns)   --->   "%specmemcore_ln258 = specmemcore void @_ssdm_op_SpecMemCore, i64 %childindexpipe_6, i64 666, i64 10, i64 18446744073709551615" [/home/myuan/Desktop/MCTS/FPGA-Accelerated-MCTS/cpp_src/ucteq.cpp:258]   --->   Operation 85 'specmemcore' 'specmemcore_ln258' <Predicate = true> <Delay = 0.00>
ST_1 : Operation 86 [1/1] (0.00ns)   --->   "%specmemcore_ln258 = specmemcore void @_ssdm_op_SpecMemCore, i64 %childindexpipe, i64 666, i64 10, i64 18446744073709551615" [/home/myuan/Desktop/MCTS/FPGA-Accelerated-MCTS/cpp_src/ucteq.cpp:258]   --->   Operation 86 'specmemcore' 'specmemcore_ln258' <Predicate = true> <Delay = 0.00>
ST_1 : Operation 87 [1/1] (0.00ns)   --->   "%specmemcore_ln271 = specmemcore void @_ssdm_op_SpecMemCore, i64 %IDRpipes_10, i64 666, i64 10, i64 18446744073709551615" [/home/myuan/Desktop/MCTS/FPGA-Accelerated-MCTS/cpp_src/ucteq.cpp:271]   --->   Operation 87 'specmemcore' 'specmemcore_ln271' <Predicate = true> <Delay = 0.00>
ST_1 : Operation 88 [1/1] (0.00ns)   --->   "%specmemcore_ln271 = specmemcore void @_ssdm_op_SpecMemCore, i64 %IDRpipes_9, i64 666, i64 10, i64 18446744073709551615" [/home/myuan/Desktop/MCTS/FPGA-Accelerated-MCTS/cpp_src/ucteq.cpp:271]   --->   Operation 88 'specmemcore' 'specmemcore_ln271' <Predicate = true> <Delay = 0.00>
ST_1 : Operation 89 [1/1] (0.00ns)   --->   "%specmemcore_ln271 = specmemcore void @_ssdm_op_SpecMemCore, i64 %IDRpipes_8, i64 666, i64 10, i64 18446744073709551615" [/home/myuan/Desktop/MCTS/FPGA-Accelerated-MCTS/cpp_src/ucteq.cpp:271]   --->   Operation 89 'specmemcore' 'specmemcore_ln271' <Predicate = true> <Delay = 0.00>
ST_1 : Operation 90 [1/1] (0.00ns)   --->   "%specmemcore_ln271 = specmemcore void @_ssdm_op_SpecMemCore, i64 %IDRpipes_7, i64 666, i64 10, i64 18446744073709551615" [/home/myuan/Desktop/MCTS/FPGA-Accelerated-MCTS/cpp_src/ucteq.cpp:271]   --->   Operation 90 'specmemcore' 'specmemcore_ln271' <Predicate = true> <Delay = 0.00>
ST_1 : Operation 91 [1/1] (0.00ns)   --->   "%specmemcore_ln271 = specmemcore void @_ssdm_op_SpecMemCore, i64 %IDRpipes_6, i64 666, i64 10, i64 18446744073709551615" [/home/myuan/Desktop/MCTS/FPGA-Accelerated-MCTS/cpp_src/ucteq.cpp:271]   --->   Operation 91 'specmemcore' 'specmemcore_ln271' <Predicate = true> <Delay = 0.00>
ST_1 : Operation 92 [1/1] (0.00ns)   --->   "%specmemcore_ln271 = specmemcore void @_ssdm_op_SpecMemCore, i64 %IDRpipes, i64 666, i64 10, i64 18446744073709551615" [/home/myuan/Desktop/MCTS/FPGA-Accelerated-MCTS/cpp_src/ucteq.cpp:271]   --->   Operation 92 'specmemcore' 'specmemcore_ln271' <Predicate = true> <Delay = 0.00>
ST_1 : Operation 93 [1/1] (0.00ns)   --->   "%specmemcore_ln284 = specmemcore void @_ssdm_op_SpecMemCore, void @lev1_numc_V, i64 666, i64 18, i64 18446744073709551615" [/home/myuan/Desktop/MCTS/FPGA-Accelerated-MCTS/cpp_src/ucteq.cpp:284]   --->   Operation 93 'specmemcore' 'specmemcore_ln284' <Predicate = true> <Delay = 0.00>
ST_1 : Operation 94 [1/1] (0.00ns)   --->   "%specmemcore_ln284 = specmemcore void @_ssdm_op_SpecMemCore, void @lev1_ucta_V, i64 666, i64 18, i64 18446744073709551615" [/home/myuan/Desktop/MCTS/FPGA-Accelerated-MCTS/cpp_src/ucteq.cpp:284]   --->   Operation 94 'specmemcore' 'specmemcore_ln284' <Predicate = true> <Delay = 0.00>
ST_1 : Operation 95 [1/1] (0.00ns)   --->   "%specmemcore_ln286 = specmemcore void @_ssdm_op_SpecMemCore, void @lev2_numc_V, i64 666, i64 18, i64 18446744073709551615" [/home/myuan/Desktop/MCTS/FPGA-Accelerated-MCTS/cpp_src/ucteq.cpp:286]   --->   Operation 95 'specmemcore' 'specmemcore_ln286' <Predicate = true> <Delay = 0.00>
ST_1 : Operation 96 [1/1] (0.00ns)   --->   "%specmemcore_ln286 = specmemcore void @_ssdm_op_SpecMemCore, void @lev2_ucta_V, i64 666, i64 18, i64 18446744073709551615" [/home/myuan/Desktop/MCTS/FPGA-Accelerated-MCTS/cpp_src/ucteq.cpp:286]   --->   Operation 96 'specmemcore' 'specmemcore_ln286' <Predicate = true> <Delay = 0.00>
ST_1 : Operation 97 [1/1] (0.00ns)   --->   "%specmemcore_ln287 = specmemcore void @_ssdm_op_SpecMemCore, i1 %lev3_numc_V, i64 666, i64 20, i64 18446744073709551615" [/home/myuan/Desktop/MCTS/FPGA-Accelerated-MCTS/cpp_src/ucteq.cpp:287]   --->   Operation 97 'specmemcore' 'specmemcore_ln287' <Predicate = true> <Delay = 0.00>
ST_1 : Operation 98 [1/1] (0.00ns)   --->   "%specmemcore_ln287 = specmemcore void @_ssdm_op_SpecMemCore, i20 %lev3_ucta_V, i64 666, i64 20, i64 18446744073709551615" [/home/myuan/Desktop/MCTS/FPGA-Accelerated-MCTS/cpp_src/ucteq.cpp:287]   --->   Operation 98 'specmemcore' 'specmemcore_ln287' <Predicate = true> <Delay = 0.00>
ST_1 : Operation 99 [1/1] (0.00ns)   --->   "%specmemcore_ln288 = specmemcore void @_ssdm_op_SpecMemCore, i1 %lev4_numc_V, i64 666, i64 20, i64 18446744073709551615" [/home/myuan/Desktop/MCTS/FPGA-Accelerated-MCTS/cpp_src/ucteq.cpp:288]   --->   Operation 99 'specmemcore' 'specmemcore_ln288' <Predicate = true> <Delay = 0.00>
ST_1 : Operation 100 [1/1] (0.00ns)   --->   "%specmemcore_ln288 = specmemcore void @_ssdm_op_SpecMemCore, i20 %lev4_ucta_V, i64 666, i64 20, i64 18446744073709551615" [/home/myuan/Desktop/MCTS/FPGA-Accelerated-MCTS/cpp_src/ucteq.cpp:288]   --->   Operation 100 'specmemcore' 'specmemcore_ln288' <Predicate = true> <Delay = 0.00>
ST_1 : Operation 101 [1/1] (0.00ns)   --->   "%specmemcore_ln289 = specmemcore void @_ssdm_op_SpecMemCore, i1 %lev5_numc_V, i64 666, i64 20, i64 18446744073709551615" [/home/myuan/Desktop/MCTS/FPGA-Accelerated-MCTS/cpp_src/ucteq.cpp:289]   --->   Operation 101 'specmemcore' 'specmemcore_ln289' <Predicate = true> <Delay = 0.00>
ST_1 : Operation 102 [1/1] (0.00ns)   --->   "%specmemcore_ln289 = specmemcore void @_ssdm_op_SpecMemCore, i20 %lev5_ucta_V, i64 666, i64 20, i64 18446744073709551615" [/home/myuan/Desktop/MCTS/FPGA-Accelerated-MCTS/cpp_src/ucteq.cpp:289]   --->   Operation 102 'specmemcore' 'specmemcore_ln289' <Predicate = true> <Delay = 0.00>
ST_1 : Operation 103 [1/1] (0.00ns)   --->   "%br_ln304 = br void" [/home/myuan/Desktop/MCTS/FPGA-Accelerated-MCTS/cpp_src/ucteq.cpp:304]   --->   Operation 103 'br' 'br_ln304' <Predicate = true> <Delay = 0.00>

State 2 <SV = 1> <Delay = 2.43>
ST_2 : Operation 104 [1/1] (0.00ns)   --->   "%specloopname_ln135 = specloopname void @_ssdm_op_SpecLoopName, void @empty_3" [/media/myuan/working/Vitis_HLS/2021.2/common/technology/autopilot/hls_stream_39.h:135]   --->   Operation 104 'specloopname' 'specloopname_ln135' <Predicate = true> <Delay = 0.00>
ST_2 : Operation 105 [1/1] (0.00ns)   --->   "%tmp = nbreadreq i1 @_ssdm_op_NbReadReq.ap_fifo.i52P0A, i52 %IDRpipe1, i32 1" [/media/myuan/working/Vitis_HLS/2021.2/common/technology/autopilot/hls_stream_39.h:135]   --->   Operation 105 'nbreadreq' 'tmp' <Predicate = true> <Delay = 0.00> <CoreInst = "FIFO_SRL">   --->   Core 81 'FIFO_SRL' <Latency = 0> <II = 1> <Delay = 1.47> <Storage> <Opcode : 'read' 'write' 'nbread' 'nbwrite'> <Ports = 0> <Width = 52> <Depth = 32> <FIFO>
ST_2 : Operation 106 [1/1] (0.00ns)   --->   "%br_ln306 = br i1 %tmp, void, void" [/home/myuan/Desktop/MCTS/FPGA-Accelerated-MCTS/cpp_src/ucteq.cpp:306]   --->   Operation 106 'br' 'br_ln306' <Predicate = true> <Delay = 0.00>
ST_2 : Operation 107 [1/1] (0.00ns)   --->   "%tmp_s = nbreadreq i1 @_ssdm_op_NbReadReq.ap_fifo.i52P0A, i52 %IDRpipe1, i32 1" [/media/myuan/working/Vitis_HLS/2021.2/common/technology/autopilot/hls_stream_39.h:135]   --->   Operation 107 'nbreadreq' 'tmp_s' <Predicate = (!tmp)> <Delay = 0.00> <CoreInst = "FIFO_SRL">   --->   Core 81 'FIFO_SRL' <Latency = 0> <II = 1> <Delay = 1.47> <Storage> <Opcode : 'read' 'write' 'nbread' 'nbwrite'> <Ports = 0> <Width = 52> <Depth = 32> <FIFO>
ST_2 : Operation 108 [1/1] (0.00ns)   --->   "%br_ln357 = br i1 %tmp_s, void, void %._crit_edge" [/home/myuan/Desktop/MCTS/FPGA-Accelerated-MCTS/cpp_src/ucteq.cpp:357]   --->   Operation 108 'br' 'br_ln357' <Predicate = (!tmp)> <Delay = 0.00>
ST_2 : Operation 109 [1/1] (0.00ns)   --->   "%tmp_1 = nbreadreq i1 @_ssdm_op_NbReadReq.ap_fifo.i1P0A, i1 %Wsigpipe1161, i32 1" [/media/myuan/working/Vitis_HLS/2021.2/common/technology/autopilot/hls_stream_39.h:135]   --->   Operation 109 'nbreadreq' 'tmp_1' <Predicate = (!tmp & !tmp_s)> <Delay = 0.00> <CoreInst = "FIFO_SRL">   --->   Core 81 'FIFO_SRL' <Latency = 0> <II = 1> <Delay = 1.42> <Storage> <Opcode : 'read' 'write' 'nbread' 'nbwrite'> <Ports = 0> <Width = 1> <Depth = 1> <FIFO>
ST_2 : Operation 110 [1/1] (0.00ns)   --->   "%br_ln357 = br i1 %tmp_1, void %._crit_edge, void" [/home/myuan/Desktop/MCTS/FPGA-Accelerated-MCTS/cpp_src/ucteq.cpp:357]   --->   Operation 110 'br' 'br_ln357' <Predicate = (!tmp & !tmp_s)> <Delay = 0.00>
ST_2 : Operation 111 [1/1] (1.21ns)   --->   "%p_065 = read i1 @_ssdm_op_Read.ap_fifo.volatile.i1P0A, i1 %Wsigpipe1161" [/media/myuan/working/Vitis_HLS/2021.2/common/technology/autopilot/hls_stream_39.h:144]   --->   Operation 111 'read' 'p_065' <Predicate = (!tmp & !tmp_s & tmp_1)> <Delay = 1.21> <CoreInst = "FIFO_SRL">   --->   Core 81 'FIFO_SRL' <Latency = 0> <II = 1> <Delay = 1.42> <Storage> <Opcode : 'read' 'write' 'nbread' 'nbwrite'> <Ports = 0> <Width = 1> <Depth = 1> <FIFO>
ST_2 : Operation 112 [1/1] (0.00ns)   --->   "%ret_ln362 = ret" [/home/myuan/Desktop/MCTS/FPGA-Accelerated-MCTS/cpp_src/ucteq.cpp:362]   --->   Operation 112 'ret' 'ret_ln362' <Predicate = (!tmp & !tmp_s & tmp_1)> <Delay = 0.00>
ST_2 : Operation 113 [1/1] (0.00ns)   --->   "%br_ln0 = br void"   --->   Operation 113 'br' 'br_ln0' <Predicate = (!tmp & !tmp_1) | (!tmp & tmp_s)> <Delay = 0.00>
ST_2 : Operation 114 [1/1] (1.21ns)   --->   "%IDRpipe1_read = read i52 @_ssdm_op_Read.ap_fifo.volatile.i52P0A, i52 %IDRpipe1" [/media/myuan/working/Vitis_HLS/2021.2/common/technology/autopilot/hls_stream_39.h:144]   --->   Operation 114 'read' 'IDRpipe1_read' <Predicate = (tmp)> <Delay = 1.21> <CoreInst = "FIFO_SRL">   --->   Core 81 'FIFO_SRL' <Latency = 0> <II = 1> <Delay = 1.47> <Storage> <Opcode : 'read' 'write' 'nbread' 'nbwrite'> <Ports = 0> <Width = 52> <Depth = 32> <FIFO>
ST_2 : Operation 115 [1/1] (0.00ns)   --->   "%IDRobject_wind = trunc i52 %IDRpipe1_read" [/media/myuan/working/Vitis_HLS/2021.2/common/technology/autopilot/hls_stream_39.h:144]   --->   Operation 115 'trunc' 'IDRobject_wind' <Predicate = (tmp)> <Delay = 0.00>
ST_2 : Operation 116 [1/1] (0.00ns)   --->   "%tmp_11_cast = zext i52 %IDRpipe1_read" [/media/myuan/working/Vitis_HLS/2021.2/common/technology/autopilot/hls_stream_39.h:144]   --->   Operation 116 'zext' 'tmp_11_cast' <Predicate = (tmp)> <Delay = 0.00>
ST_2 : Operation 117 [1/1] (1.21ns)   --->   "%write_ln173 = write void @_ssdm_op_Write.ap_fifo.volatile.i1P0A, i1 %lev_retpipe, i1 0" [/media/myuan/working/Vitis_HLS/2021.2/common/technology/autopilot/hls_stream_39.h:173]   --->   Operation 117 'write' 'write_ln173' <Predicate = (tmp)> <Delay = 1.21> <CoreInst = "FIFO_SRL">   --->   Core 81 'FIFO_SRL' <Latency = 0> <II = 1> <Delay = 1.42> <Storage> <Opcode : 'read' 'write' 'nbread' 'nbwrite'> <Ports = 0> <Width = 1> <Depth = 1> <FIFO>
ST_2 : Operation 118 [1/1] (1.21ns)   --->   "%write_ln173 = write void @_ssdm_op_Write.ap_fifo.volatile.i64P0A, i64 %childindexpipe, i64 1" [/media/myuan/working/Vitis_HLS/2021.2/common/technology/autopilot/hls_stream_39.h:173]   --->   Operation 118 'write' 'write_ln173' <Predicate = (tmp)> <Delay = 1.21> <CoreInst = "FIFO_SRL">   --->   Core 81 'FIFO_SRL' <Latency = 0> <II = 1> <Delay = 1.40> <Storage> <Opcode : 'read' 'write' 'nbread' 'nbwrite'> <Ports = 0> <Width = 64> <Depth = 1> <FIFO>
ST_2 : Operation 119 [1/1] (1.21ns)   --->   "%write_ln173 = write void @_ssdm_op_Write.ap_fifo.volatile.i64P0A, i64 %IDRpipes, i64 %tmp_11_cast" [/media/myuan/working/Vitis_HLS/2021.2/common/technology/autopilot/hls_stream_39.h:173]   --->   Operation 119 'write' 'write_ln173' <Predicate = (tmp)> <Delay = 1.21> <CoreInst = "FIFO_SRL">   --->   Core 81 'FIFO_SRL' <Latency = 0> <II = 1> <Delay = 1.40> <Storage> <Opcode : 'read' 'write' 'nbread' 'nbwrite'> <Ports = 0> <Width = 64> <Depth = 1> <FIFO>

State 3 <SV = 2> <Delay = 0.00>
ST_3 : Operation 120 [2/2] (0.00ns)   --->   "%call_ln332 = call void @subT1_lev_stage.4, i64 %childindexpipe, i64 %childindexpipe_6, i1 %lev_retpipe, i1 %lev_retpipe_6, i64 %IDRpipes, i64 %IDRpipes_6, i32 %subT1_pipl_stream_BpSel_inputObj_0_stream_ap_int_1_0_stream_SelTupleOut_0_int_memoizlevs, i1 %subT1_pipl_stream_BpSel_inputObj_0_stream_ap_int_1_0_stream_SelTupleOut_0_int_memoizlevs_5" [/home/myuan/Desktop/MCTS/FPGA-Accelerated-MCTS/cpp_src/ucteq.cpp:332]   --->   Operation 120 'call' 'call_ln332' <Predicate = true> <Delay = 0.00> <CoreType = "Generic">   --->   Core 0 '' <Latency = 0> <II = 1> <Delay = 1.00> <Generic> <Opcode : >

State 4 <SV = 3> <Delay = 0.00>
ST_4 : Operation 121 [1/2] (0.00ns)   --->   "%call_ln332 = call void @subT1_lev_stage.4, i64 %childindexpipe, i64 %childindexpipe_6, i1 %lev_retpipe, i1 %lev_retpipe_6, i64 %IDRpipes, i64 %IDRpipes_6, i32 %subT1_pipl_stream_BpSel_inputObj_0_stream_ap_int_1_0_stream_SelTupleOut_0_int_memoizlevs, i1 %subT1_pipl_stream_BpSel_inputObj_0_stream_ap_int_1_0_stream_SelTupleOut_0_int_memoizlevs_5" [/home/myuan/Desktop/MCTS/FPGA-Accelerated-MCTS/cpp_src/ucteq.cpp:332]   --->   Operation 121 'call' 'call_ln332' <Predicate = true> <Delay = 0.00> <CoreType = "Generic">   --->   Core 0 '' <Latency = 0> <II = 1> <Delay = 1.00> <Generic> <Opcode : >

State 5 <SV = 4> <Delay = 0.00>
ST_5 : Operation 122 [2/2] (0.00ns)   --->   "%call_ln334 = call void @subT1_lev_stage.3, i64 %childindexpipe_6, i64 %childindexpipe_7, i1 %lev_retpipe_6, i1 %lev_retpipe_7, i64 %IDRpipes_6, i64 %IDRpipes_7, i32 %subT1_pipl_stream_BpSel_inputObj_0_stream_ap_int_1_0_stream_SelTupleOut_0_int_memoizlevs_1, i1 %subT1_pipl_stream_BpSel_inputObj_0_stream_ap_int_1_0_stream_SelTupleOut_0_int_memoizlevs_6" [/home/myuan/Desktop/MCTS/FPGA-Accelerated-MCTS/cpp_src/ucteq.cpp:334]   --->   Operation 122 'call' 'call_ln334' <Predicate = true> <Delay = 0.00> <CoreType = "Generic">   --->   Core 0 '' <Latency = 0> <II = 1> <Delay = 1.00> <Generic> <Opcode : >

State 6 <SV = 5> <Delay = 0.00>
ST_6 : Operation 123 [1/2] (0.00ns)   --->   "%call_ln334 = call void @subT1_lev_stage.3, i64 %childindexpipe_6, i64 %childindexpipe_7, i1 %lev_retpipe_6, i1 %lev_retpipe_7, i64 %IDRpipes_6, i64 %IDRpipes_7, i32 %subT1_pipl_stream_BpSel_inputObj_0_stream_ap_int_1_0_stream_SelTupleOut_0_int_memoizlevs_1, i1 %subT1_pipl_stream_BpSel_inputObj_0_stream_ap_int_1_0_stream_SelTupleOut_0_int_memoizlevs_6" [/home/myuan/Desktop/MCTS/FPGA-Accelerated-MCTS/cpp_src/ucteq.cpp:334]   --->   Operation 123 'call' 'call_ln334' <Predicate = true> <Delay = 0.00> <CoreType = "Generic">   --->   Core 0 '' <Latency = 0> <II = 1> <Delay = 1.00> <Generic> <Opcode : >

State 7 <SV = 6> <Delay = 0.00>
ST_7 : Operation 124 [2/2] (0.00ns)   --->   "%call_ln336 = call void @subT1_lev_stage.2, i64 %childindexpipe_7, i64 %childindexpipe_8, i1 %lev_retpipe_7, i1 %lev_retpipe_8, i64 %IDRpipes_7, i64 %IDRpipes_8, i32 %subT1_pipl_stream_BpSel_inputObj_0_stream_ap_int_1_0_stream_SelTupleOut_0_int_memoizlevs_2, i1 %subT1_pipl_stream_BpSel_inputObj_0_stream_ap_int_1_0_stream_SelTupleOut_0_int_memoizlevs_7, i1 %lev3_numc_V, i20 %lev3_ucta_V" [/home/myuan/Desktop/MCTS/FPGA-Accelerated-MCTS/cpp_src/ucteq.cpp:336]   --->   Operation 124 'call' 'call_ln336' <Predicate = true> <Delay = 0.00> <CoreType = "Generic">   --->   Core 0 '' <Latency = 0> <II = 1> <Delay = 1.00> <Generic> <Opcode : >

State 8 <SV = 7> <Delay = 0.00>
ST_8 : Operation 125 [1/2] (0.00ns)   --->   "%call_ln336 = call void @subT1_lev_stage.2, i64 %childindexpipe_7, i64 %childindexpipe_8, i1 %lev_retpipe_7, i1 %lev_retpipe_8, i64 %IDRpipes_7, i64 %IDRpipes_8, i32 %subT1_pipl_stream_BpSel_inputObj_0_stream_ap_int_1_0_stream_SelTupleOut_0_int_memoizlevs_2, i1 %subT1_pipl_stream_BpSel_inputObj_0_stream_ap_int_1_0_stream_SelTupleOut_0_int_memoizlevs_7, i1 %lev3_numc_V, i20 %lev3_ucta_V" [/home/myuan/Desktop/MCTS/FPGA-Accelerated-MCTS/cpp_src/ucteq.cpp:336]   --->   Operation 125 'call' 'call_ln336' <Predicate = true> <Delay = 0.00> <CoreType = "Generic">   --->   Core 0 '' <Latency = 0> <II = 1> <Delay = 1.00> <Generic> <Opcode : >

State 9 <SV = 8> <Delay = 0.00>
ST_9 : Operation 126 [2/2] (0.00ns)   --->   "%call_ln338 = call void @subT1_lev_stage.1, i64 %childindexpipe_8, i64 %childindexpipe_9, i1 %lev_retpipe_8, i1 %lev_retpipe_9, i64 %IDRpipes_8, i64 %IDRpipes_9, i32 %subT1_pipl_stream_BpSel_inputObj_0_stream_ap_int_1_0_stream_SelTupleOut_0_int_memoizlevs_3, i1 %subT1_pipl_stream_BpSel_inputObj_0_stream_ap_int_1_0_stream_SelTupleOut_0_int_memoizlevs_8, i1 %lev4_numc_V, i20 %lev4_ucta_V" [/home/myuan/Desktop/MCTS/FPGA-Accelerated-MCTS/cpp_src/ucteq.cpp:338]   --->   Operation 126 'call' 'call_ln338' <Predicate = true> <Delay = 0.00> <CoreType = "Generic">   --->   Core 0 '' <Latency = 0> <II = 1> <Delay = 1.00> <Generic> <Opcode : >

State 10 <SV = 9> <Delay = 0.00>
ST_10 : Operation 127 [1/2] (0.00ns)   --->   "%call_ln338 = call void @subT1_lev_stage.1, i64 %childindexpipe_8, i64 %childindexpipe_9, i1 %lev_retpipe_8, i1 %lev_retpipe_9, i64 %IDRpipes_8, i64 %IDRpipes_9, i32 %subT1_pipl_stream_BpSel_inputObj_0_stream_ap_int_1_0_stream_SelTupleOut_0_int_memoizlevs_3, i1 %subT1_pipl_stream_BpSel_inputObj_0_stream_ap_int_1_0_stream_SelTupleOut_0_int_memoizlevs_8, i1 %lev4_numc_V, i20 %lev4_ucta_V" [/home/myuan/Desktop/MCTS/FPGA-Accelerated-MCTS/cpp_src/ucteq.cpp:338]   --->   Operation 127 'call' 'call_ln338' <Predicate = true> <Delay = 0.00> <CoreType = "Generic">   --->   Core 0 '' <Latency = 0> <II = 1> <Delay = 1.00> <Generic> <Opcode : >

State 11 <SV = 10> <Delay = 0.00>
ST_11 : Operation 128 [2/2] (0.00ns)   --->   "%call_ln340 = call void @subT1_lev_stage, i64 %childindexpipe_9, i64 %childindexpipe_10, i1 %lev_retpipe_9, i1 %lev_retpipe_10, i64 %IDRpipes_9, i64 %IDRpipes_10, i32 %subT1_pipl_stream_BpSel_inputObj_0_stream_ap_int_1_0_stream_SelTupleOut_0_int_memoizlevs_4, i1 %subT1_pipl_stream_BpSel_inputObj_0_stream_ap_int_1_0_stream_SelTupleOut_0_int_memoizlevs_9, i1 %lev5_numc_V, i20 %lev5_ucta_V" [/home/myuan/Desktop/MCTS/FPGA-Accelerated-MCTS/cpp_src/ucteq.cpp:340]   --->   Operation 128 'call' 'call_ln340' <Predicate = true> <Delay = 0.00> <CoreType = "Generic">   --->   Core 0 '' <Latency = 0> <II = 1> <Delay = 1.00> <Generic> <Opcode : >

State 12 <SV = 11> <Delay = 0.00>
ST_12 : Operation 129 [1/2] (0.00ns)   --->   "%call_ln340 = call void @subT1_lev_stage, i64 %childindexpipe_9, i64 %childindexpipe_10, i1 %lev_retpipe_9, i1 %lev_retpipe_10, i64 %IDRpipes_9, i64 %IDRpipes_10, i32 %subT1_pipl_stream_BpSel_inputObj_0_stream_ap_int_1_0_stream_SelTupleOut_0_int_memoizlevs_4, i1 %subT1_pipl_stream_BpSel_inputObj_0_stream_ap_int_1_0_stream_SelTupleOut_0_int_memoizlevs_9, i1 %lev5_numc_V, i20 %lev5_ucta_V" [/home/myuan/Desktop/MCTS/FPGA-Accelerated-MCTS/cpp_src/ucteq.cpp:340]   --->   Operation 129 'call' 'call_ln340' <Predicate = true> <Delay = 0.00> <CoreType = "Generic">   --->   Core 0 '' <Latency = 0> <II = 1> <Delay = 1.00> <Generic> <Opcode : >

State 13 <SV = 12> <Delay = 1.21>
ST_13 : Operation 130 [1/1] (1.21ns)   --->   "%p_064 = read i1 @_ssdm_op_Read.ap_fifo.volatile.i1P0A, i1 %lev_retpipe_10" [/media/myuan/working/Vitis_HLS/2021.2/common/technology/autopilot/hls_stream_39.h:144]   --->   Operation 130 'read' 'p_064' <Predicate = true> <Delay = 1.21> <CoreInst = "FIFO_SRL">   --->   Core 81 'FIFO_SRL' <Latency = 0> <II = 1> <Delay = 1.42> <Storage> <Opcode : 'read' 'write' 'nbread' 'nbwrite'> <Ports = 0> <Width = 1> <Depth = 1> <FIFO>
ST_13 : Operation 131 [1/1] (1.21ns)   --->   "%p_066 = read i64 @_ssdm_op_Read.ap_fifo.volatile.i64P0A, i64 %IDRpipes_10" [/media/myuan/working/Vitis_HLS/2021.2/common/technology/autopilot/hls_stream_39.h:144]   --->   Operation 131 'read' 'p_066' <Predicate = true> <Delay = 1.21> <CoreInst = "FIFO_SRL">   --->   Core 81 'FIFO_SRL' <Latency = 0> <II = 1> <Delay = 1.40> <Storage> <Opcode : 'read' 'write' 'nbread' 'nbwrite'> <Ports = 0> <Width = 64> <Depth = 1> <FIFO>
ST_13 : Operation 132 [1/1] (1.21ns)   --->   "%this_11_read = read i64 @_ssdm_op_Read.ap_fifo.volatile.i64P0A, i64 %childindexpipe_10" [/media/myuan/working/Vitis_HLS/2021.2/common/technology/autopilot/hls_stream_39.h:144]   --->   Operation 132 'read' 'this_11_read' <Predicate = true> <Delay = 1.21> <CoreInst = "FIFO_SRL">   --->   Core 81 'FIFO_SRL' <Latency = 0> <II = 1> <Delay = 1.40> <Storage> <Opcode : 'read' 'write' 'nbread' 'nbwrite'> <Ports = 0> <Width = 64> <Depth = 1> <FIFO>
ST_13 : Operation 133 [1/1] (0.00ns)   --->   "%resultIndDepth_depth = trunc i64 %this_11_read" [/media/myuan/working/Vitis_HLS/2021.2/common/technology/autopilot/hls_stream_39.h:144]   --->   Operation 133 'trunc' 'resultIndDepth_depth' <Predicate = true> <Delay = 0.00>
ST_13 : Operation 134 [1/1] (0.00ns)   --->   "%zext_ln351 = zext i32 %IDRobject_wind" [/home/myuan/Desktop/MCTS/FPGA-Accelerated-MCTS/cpp_src/ucteq.cpp:351]   --->   Operation 134 'zext' 'zext_ln351' <Predicate = true> <Delay = 0.00>
ST_13 : Operation 135 [1/1] (0.00ns)   --->   "%subT1_pipl_stream_BpSel_inputObj_0_stream_ap_int_1_0_stream_SelTupleOut_0_int_memoizlevs_addr = getelementptr i32 %subT1_pipl_stream_BpSel_inputObj_0_stream_ap_int_1_0_stream_SelTupleOut_0_int_memoizlevs, i64 0, i64 %zext_ln351" [/home/myuan/Desktop/MCTS/FPGA-Accelerated-MCTS/cpp_src/ucteq.cpp:351]   --->   Operation 135 'getelementptr' 'subT1_pipl_stream_BpSel_inputObj_0_stream_ap_int_1_0_stream_SelTupleOut_0_int_memoizlevs_addr' <Predicate = true> <Delay = 0.00>
ST_13 : Operation 136 [1/1] (0.00ns)   --->   "%subT1_pipl_stream_BpSel_inputObj_0_stream_ap_int_1_0_stream_SelTupleOut_0_int_memoizlevs_1_addr = getelementptr i32 %subT1_pipl_stream_BpSel_inputObj_0_stream_ap_int_1_0_stream_SelTupleOut_0_int_memoizlevs_1, i64 0, i64 %zext_ln351" [/home/myuan/Desktop/MCTS/FPGA-Accelerated-MCTS/cpp_src/ucteq.cpp:351]   --->   Operation 136 'getelementptr' 'subT1_pipl_stream_BpSel_inputObj_0_stream_ap_int_1_0_stream_SelTupleOut_0_int_memoizlevs_1_addr' <Predicate = true> <Delay = 0.00>
ST_13 : Operation 137 [1/1] (0.00ns)   --->   "%subT1_pipl_stream_BpSel_inputObj_0_stream_ap_int_1_0_stream_SelTupleOut_0_int_memoizlevs_2_addr = getelementptr i32 %subT1_pipl_stream_BpSel_inputObj_0_stream_ap_int_1_0_stream_SelTupleOut_0_int_memoizlevs_2, i64 0, i64 %zext_ln351" [/home/myuan/Desktop/MCTS/FPGA-Accelerated-MCTS/cpp_src/ucteq.cpp:351]   --->   Operation 137 'getelementptr' 'subT1_pipl_stream_BpSel_inputObj_0_stream_ap_int_1_0_stream_SelTupleOut_0_int_memoizlevs_2_addr' <Predicate = true> <Delay = 0.00>
ST_13 : Operation 138 [1/1] (0.00ns)   --->   "%subT1_pipl_stream_BpSel_inputObj_0_stream_ap_int_1_0_stream_SelTupleOut_0_int_memoizlevs_3_addr = getelementptr i32 %subT1_pipl_stream_BpSel_inputObj_0_stream_ap_int_1_0_stream_SelTupleOut_0_int_memoizlevs_3, i64 0, i64 %zext_ln351" [/home/myuan/Desktop/MCTS/FPGA-Accelerated-MCTS/cpp_src/ucteq.cpp:351]   --->   Operation 138 'getelementptr' 'subT1_pipl_stream_BpSel_inputObj_0_stream_ap_int_1_0_stream_SelTupleOut_0_int_memoizlevs_3_addr' <Predicate = true> <Delay = 0.00>
ST_13 : Operation 139 [1/1] (0.00ns)   --->   "%subT1_pipl_stream_BpSel_inputObj_0_stream_ap_int_1_0_stream_SelTupleOut_0_int_memoizlevs_4_addr = getelementptr i32 %subT1_pipl_stream_BpSel_inputObj_0_stream_ap_int_1_0_stream_SelTupleOut_0_int_memoizlevs_4, i64 0, i64 %zext_ln351" [/home/myuan/Desktop/MCTS/FPGA-Accelerated-MCTS/cpp_src/ucteq.cpp:351]   --->   Operation 139 'getelementptr' 'subT1_pipl_stream_BpSel_inputObj_0_stream_ap_int_1_0_stream_SelTupleOut_0_int_memoizlevs_4_addr' <Predicate = true> <Delay = 0.00>
ST_13 : Operation 140 [2/2] (0.69ns)   --->   "%subT1_pipl_stream_BpSel_inputObj_0_stream_ap_int_1_0_stream_SelTupleOut_0_int_memoizlevs_load = load i5 %subT1_pipl_stream_BpSel_inputObj_0_stream_ap_int_1_0_stream_SelTupleOut_0_int_memoizlevs_addr" [/home/myuan/Desktop/MCTS/FPGA-Accelerated-MCTS/cpp_src/ucteq.cpp:351]   --->   Operation 140 'load' 'subT1_pipl_stream_BpSel_inputObj_0_stream_ap_int_1_0_stream_SelTupleOut_0_int_memoizlevs_load' <Predicate = true> <Delay = 0.69> <CoreInst = "RAM">   --->   Core 83 'RAM' <Latency = 1> <II = 1> <Delay = 0.69> <Storage> <Opcode : 'load' 'store'> <Ports = 2> <Width = 32> <Depth = 32> <RAM>
ST_13 : Operation 141 [2/2] (0.69ns)   --->   "%subT1_pipl_stream_BpSel_inputObj_0_stream_ap_int_1_0_stream_SelTupleOut_0_int_memoizlevs_1_load = load i5 %subT1_pipl_stream_BpSel_inputObj_0_stream_ap_int_1_0_stream_SelTupleOut_0_int_memoizlevs_1_addr" [/home/myuan/Desktop/MCTS/FPGA-Accelerated-MCTS/cpp_src/ucteq.cpp:351]   --->   Operation 141 'load' 'subT1_pipl_stream_BpSel_inputObj_0_stream_ap_int_1_0_stream_SelTupleOut_0_int_memoizlevs_1_load' <Predicate = true> <Delay = 0.69> <CoreInst = "RAM">   --->   Core 83 'RAM' <Latency = 1> <II = 1> <Delay = 0.69> <Storage> <Opcode : 'load' 'store'> <Ports = 2> <Width = 32> <Depth = 32> <RAM>
ST_13 : Operation 142 [2/2] (0.69ns)   --->   "%subT1_pipl_stream_BpSel_inputObj_0_stream_ap_int_1_0_stream_SelTupleOut_0_int_memoizlevs_2_load = load i5 %subT1_pipl_stream_BpSel_inputObj_0_stream_ap_int_1_0_stream_SelTupleOut_0_int_memoizlevs_2_addr" [/home/myuan/Desktop/MCTS/FPGA-Accelerated-MCTS/cpp_src/ucteq.cpp:351]   --->   Operation 142 'load' 'subT1_pipl_stream_BpSel_inputObj_0_stream_ap_int_1_0_stream_SelTupleOut_0_int_memoizlevs_2_load' <Predicate = true> <Delay = 0.69> <CoreInst = "RAM">   --->   Core 83 'RAM' <Latency = 1> <II = 1> <Delay = 0.69> <Storage> <Opcode : 'load' 'store'> <Ports = 2> <Width = 32> <Depth = 32> <RAM>
ST_13 : Operation 143 [2/2] (0.69ns)   --->   "%subT1_pipl_stream_BpSel_inputObj_0_stream_ap_int_1_0_stream_SelTupleOut_0_int_memoizlevs_3_load = load i5 %subT1_pipl_stream_BpSel_inputObj_0_stream_ap_int_1_0_stream_SelTupleOut_0_int_memoizlevs_3_addr" [/home/myuan/Desktop/MCTS/FPGA-Accelerated-MCTS/cpp_src/ucteq.cpp:351]   --->   Operation 143 'load' 'subT1_pipl_stream_BpSel_inputObj_0_stream_ap_int_1_0_stream_SelTupleOut_0_int_memoizlevs_3_load' <Predicate = true> <Delay = 0.69> <CoreInst = "RAM">   --->   Core 83 'RAM' <Latency = 1> <II = 1> <Delay = 0.69> <Storage> <Opcode : 'load' 'store'> <Ports = 2> <Width = 32> <Depth = 32> <RAM>
ST_13 : Operation 144 [2/2] (0.69ns)   --->   "%subT1_pipl_stream_BpSel_inputObj_0_stream_ap_int_1_0_stream_SelTupleOut_0_int_memoizlevs_4_load = load i5 %subT1_pipl_stream_BpSel_inputObj_0_stream_ap_int_1_0_stream_SelTupleOut_0_int_memoizlevs_4_addr" [/home/myuan/Desktop/MCTS/FPGA-Accelerated-MCTS/cpp_src/ucteq.cpp:351]   --->   Operation 144 'load' 'subT1_pipl_stream_BpSel_inputObj_0_stream_ap_int_1_0_stream_SelTupleOut_0_int_memoizlevs_4_load' <Predicate = true> <Delay = 0.69> <CoreInst = "RAM">   --->   Core 83 'RAM' <Latency = 1> <II = 1> <Delay = 0.69> <Storage> <Opcode : 'load' 'store'> <Ports = 2> <Width = 32> <Depth = 32> <RAM>
ST_13 : Operation 145 [1/1] (0.00ns)   --->   "%subT1_pipl_stream_BpSel_inputObj_0_stream_ap_int_1_0_stream_SelTupleOut_0_int_memoizlevs_5_addr = getelementptr i1 %subT1_pipl_stream_BpSel_inputObj_0_stream_ap_int_1_0_stream_SelTupleOut_0_int_memoizlevs_5, i64 0, i64 %zext_ln351" [/home/myuan/Desktop/MCTS/FPGA-Accelerated-MCTS/cpp_src/ucteq.cpp:351]   --->   Operation 145 'getelementptr' 'subT1_pipl_stream_BpSel_inputObj_0_stream_ap_int_1_0_stream_SelTupleOut_0_int_memoizlevs_5_addr' <Predicate = true> <Delay = 0.00>
ST_13 : Operation 146 [1/1] (0.00ns)   --->   "%subT1_pipl_stream_BpSel_inputObj_0_stream_ap_int_1_0_stream_SelTupleOut_0_int_memoizlevs_6_addr = getelementptr i1 %subT1_pipl_stream_BpSel_inputObj_0_stream_ap_int_1_0_stream_SelTupleOut_0_int_memoizlevs_6, i64 0, i64 %zext_ln351" [/home/myuan/Desktop/MCTS/FPGA-Accelerated-MCTS/cpp_src/ucteq.cpp:351]   --->   Operation 146 'getelementptr' 'subT1_pipl_stream_BpSel_inputObj_0_stream_ap_int_1_0_stream_SelTupleOut_0_int_memoizlevs_6_addr' <Predicate = true> <Delay = 0.00>
ST_13 : Operation 147 [1/1] (0.00ns)   --->   "%subT1_pipl_stream_BpSel_inputObj_0_stream_ap_int_1_0_stream_SelTupleOut_0_int_memoizlevs_7_addr = getelementptr i1 %subT1_pipl_stream_BpSel_inputObj_0_stream_ap_int_1_0_stream_SelTupleOut_0_int_memoizlevs_7, i64 0, i64 %zext_ln351" [/home/myuan/Desktop/MCTS/FPGA-Accelerated-MCTS/cpp_src/ucteq.cpp:351]   --->   Operation 147 'getelementptr' 'subT1_pipl_stream_BpSel_inputObj_0_stream_ap_int_1_0_stream_SelTupleOut_0_int_memoizlevs_7_addr' <Predicate = true> <Delay = 0.00>
ST_13 : Operation 148 [1/1] (0.00ns)   --->   "%subT1_pipl_stream_BpSel_inputObj_0_stream_ap_int_1_0_stream_SelTupleOut_0_int_memoizlevs_8_addr = getelementptr i1 %subT1_pipl_stream_BpSel_inputObj_0_stream_ap_int_1_0_stream_SelTupleOut_0_int_memoizlevs_8, i64 0, i64 %zext_ln351" [/home/myuan/Desktop/MCTS/FPGA-Accelerated-MCTS/cpp_src/ucteq.cpp:351]   --->   Operation 148 'getelementptr' 'subT1_pipl_stream_BpSel_inputObj_0_stream_ap_int_1_0_stream_SelTupleOut_0_int_memoizlevs_8_addr' <Predicate = true> <Delay = 0.00>
ST_13 : Operation 149 [1/1] (0.00ns)   --->   "%subT1_pipl_stream_BpSel_inputObj_0_stream_ap_int_1_0_stream_SelTupleOut_0_int_memoizlevs_9_addr = getelementptr i1 %subT1_pipl_stream_BpSel_inputObj_0_stream_ap_int_1_0_stream_SelTupleOut_0_int_memoizlevs_9, i64 0, i64 %zext_ln351" [/home/myuan/Desktop/MCTS/FPGA-Accelerated-MCTS/cpp_src/ucteq.cpp:351]   --->   Operation 149 'getelementptr' 'subT1_pipl_stream_BpSel_inputObj_0_stream_ap_int_1_0_stream_SelTupleOut_0_int_memoizlevs_9_addr' <Predicate = true> <Delay = 0.00>
ST_13 : Operation 150 [2/2] (0.63ns)   --->   "%subT1_pipl_stream_BpSel_inputObj_0_stream_ap_int_1_0_stream_SelTupleOut_0_int_memoizlevs_5_load = load i5 %subT1_pipl_stream_BpSel_inputObj_0_stream_ap_int_1_0_stream_SelTupleOut_0_int_memoizlevs_5_addr" [/home/myuan/Desktop/MCTS/FPGA-Accelerated-MCTS/cpp_src/ucteq.cpp:351]   --->   Operation 150 'load' 'subT1_pipl_stream_BpSel_inputObj_0_stream_ap_int_1_0_stream_SelTupleOut_0_int_memoizlevs_5_load' <Predicate = true> <Delay = 0.63> <CoreInst = "RAM">   --->   Core 83 'RAM' <Latency = 1> <II = 1> <Delay = 0.63> <Storage> <Opcode : 'load' 'store'> <Ports = 2> <Width = 1> <Depth = 32> <RAM>
ST_13 : Operation 151 [2/2] (0.63ns)   --->   "%subT1_pipl_stream_BpSel_inputObj_0_stream_ap_int_1_0_stream_SelTupleOut_0_int_memoizlevs_6_load = load i5 %subT1_pipl_stream_BpSel_inputObj_0_stream_ap_int_1_0_stream_SelTupleOut_0_int_memoizlevs_6_addr" [/home/myuan/Desktop/MCTS/FPGA-Accelerated-MCTS/cpp_src/ucteq.cpp:351]   --->   Operation 151 'load' 'subT1_pipl_stream_BpSel_inputObj_0_stream_ap_int_1_0_stream_SelTupleOut_0_int_memoizlevs_6_load' <Predicate = true> <Delay = 0.63> <CoreInst = "RAM">   --->   Core 83 'RAM' <Latency = 1> <II = 1> <Delay = 0.63> <Storage> <Opcode : 'load' 'store'> <Ports = 2> <Width = 1> <Depth = 32> <RAM>
ST_13 : Operation 152 [2/2] (0.63ns)   --->   "%subT1_pipl_stream_BpSel_inputObj_0_stream_ap_int_1_0_stream_SelTupleOut_0_int_memoizlevs_7_load = load i5 %subT1_pipl_stream_BpSel_inputObj_0_stream_ap_int_1_0_stream_SelTupleOut_0_int_memoizlevs_7_addr" [/home/myuan/Desktop/MCTS/FPGA-Accelerated-MCTS/cpp_src/ucteq.cpp:351]   --->   Operation 152 'load' 'subT1_pipl_stream_BpSel_inputObj_0_stream_ap_int_1_0_stream_SelTupleOut_0_int_memoizlevs_7_load' <Predicate = true> <Delay = 0.63> <CoreInst = "RAM">   --->   Core 83 'RAM' <Latency = 1> <II = 1> <Delay = 0.63> <Storage> <Opcode : 'load' 'store'> <Ports = 2> <Width = 1> <Depth = 32> <RAM>
ST_13 : Operation 153 [2/2] (0.63ns)   --->   "%subT1_pipl_stream_BpSel_inputObj_0_stream_ap_int_1_0_stream_SelTupleOut_0_int_memoizlevs_8_load = load i5 %subT1_pipl_stream_BpSel_inputObj_0_stream_ap_int_1_0_stream_SelTupleOut_0_int_memoizlevs_8_addr" [/home/myuan/Desktop/MCTS/FPGA-Accelerated-MCTS/cpp_src/ucteq.cpp:351]   --->   Operation 153 'load' 'subT1_pipl_stream_BpSel_inputObj_0_stream_ap_int_1_0_stream_SelTupleOut_0_int_memoizlevs_8_load' <Predicate = true> <Delay = 0.63> <CoreInst = "RAM">   --->   Core 83 'RAM' <Latency = 1> <II = 1> <Delay = 0.63> <Storage> <Opcode : 'load' 'store'> <Ports = 2> <Width = 1> <Depth = 32> <RAM>
ST_13 : Operation 154 [2/2] (0.63ns)   --->   "%subT1_pipl_stream_BpSel_inputObj_0_stream_ap_int_1_0_stream_SelTupleOut_0_int_memoizlevs_9_load = load i5 %subT1_pipl_stream_BpSel_inputObj_0_stream_ap_int_1_0_stream_SelTupleOut_0_int_memoizlevs_9_addr" [/home/myuan/Desktop/MCTS/FPGA-Accelerated-MCTS/cpp_src/ucteq.cpp:351]   --->   Operation 154 'load' 'subT1_pipl_stream_BpSel_inputObj_0_stream_ap_int_1_0_stream_SelTupleOut_0_int_memoizlevs_9_load' <Predicate = true> <Delay = 0.63> <CoreInst = "RAM">   --->   Core 83 'RAM' <Latency = 1> <II = 1> <Delay = 0.63> <Storage> <Opcode : 'load' 'store'> <Ports = 2> <Width = 1> <Depth = 32> <RAM>

State 14 <SV = 13> <Delay = 2.40>
ST_14 : Operation 155 [1/2] (0.69ns)   --->   "%subT1_pipl_stream_BpSel_inputObj_0_stream_ap_int_1_0_stream_SelTupleOut_0_int_memoizlevs_load = load i5 %subT1_pipl_stream_BpSel_inputObj_0_stream_ap_int_1_0_stream_SelTupleOut_0_int_memoizlevs_addr" [/home/myuan/Desktop/MCTS/FPGA-Accelerated-MCTS/cpp_src/ucteq.cpp:351]   --->   Operation 155 'load' 'subT1_pipl_stream_BpSel_inputObj_0_stream_ap_int_1_0_stream_SelTupleOut_0_int_memoizlevs_load' <Predicate = (tmp)> <Delay = 0.69> <CoreInst = "RAM">   --->   Core 83 'RAM' <Latency = 1> <II = 1> <Delay = 0.69> <Storage> <Opcode : 'load' 'store'> <Ports = 2> <Width = 32> <Depth = 32> <RAM>
ST_14 : Operation 156 [1/2] (0.69ns)   --->   "%subT1_pipl_stream_BpSel_inputObj_0_stream_ap_int_1_0_stream_SelTupleOut_0_int_memoizlevs_1_load = load i5 %subT1_pipl_stream_BpSel_inputObj_0_stream_ap_int_1_0_stream_SelTupleOut_0_int_memoizlevs_1_addr" [/home/myuan/Desktop/MCTS/FPGA-Accelerated-MCTS/cpp_src/ucteq.cpp:351]   --->   Operation 156 'load' 'subT1_pipl_stream_BpSel_inputObj_0_stream_ap_int_1_0_stream_SelTupleOut_0_int_memoizlevs_1_load' <Predicate = (tmp)> <Delay = 0.69> <CoreInst = "RAM">   --->   Core 83 'RAM' <Latency = 1> <II = 1> <Delay = 0.69> <Storage> <Opcode : 'load' 'store'> <Ports = 2> <Width = 32> <Depth = 32> <RAM>
ST_14 : Operation 157 [1/2] (0.69ns)   --->   "%subT1_pipl_stream_BpSel_inputObj_0_stream_ap_int_1_0_stream_SelTupleOut_0_int_memoizlevs_2_load = load i5 %subT1_pipl_stream_BpSel_inputObj_0_stream_ap_int_1_0_stream_SelTupleOut_0_int_memoizlevs_2_addr" [/home/myuan/Desktop/MCTS/FPGA-Accelerated-MCTS/cpp_src/ucteq.cpp:351]   --->   Operation 157 'load' 'subT1_pipl_stream_BpSel_inputObj_0_stream_ap_int_1_0_stream_SelTupleOut_0_int_memoizlevs_2_load' <Predicate = (tmp)> <Delay = 0.69> <CoreInst = "RAM">   --->   Core 83 'RAM' <Latency = 1> <II = 1> <Delay = 0.69> <Storage> <Opcode : 'load' 'store'> <Ports = 2> <Width = 32> <Depth = 32> <RAM>
ST_14 : Operation 158 [1/2] (0.69ns)   --->   "%subT1_pipl_stream_BpSel_inputObj_0_stream_ap_int_1_0_stream_SelTupleOut_0_int_memoizlevs_3_load = load i5 %subT1_pipl_stream_BpSel_inputObj_0_stream_ap_int_1_0_stream_SelTupleOut_0_int_memoizlevs_3_addr" [/home/myuan/Desktop/MCTS/FPGA-Accelerated-MCTS/cpp_src/ucteq.cpp:351]   --->   Operation 158 'load' 'subT1_pipl_stream_BpSel_inputObj_0_stream_ap_int_1_0_stream_SelTupleOut_0_int_memoizlevs_3_load' <Predicate = (tmp)> <Delay = 0.69> <CoreInst = "RAM">   --->   Core 83 'RAM' <Latency = 1> <II = 1> <Delay = 0.69> <Storage> <Opcode : 'load' 'store'> <Ports = 2> <Width = 32> <Depth = 32> <RAM>
ST_14 : Operation 159 [1/2] (0.69ns)   --->   "%subT1_pipl_stream_BpSel_inputObj_0_stream_ap_int_1_0_stream_SelTupleOut_0_int_memoizlevs_4_load = load i5 %subT1_pipl_stream_BpSel_inputObj_0_stream_ap_int_1_0_stream_SelTupleOut_0_int_memoizlevs_4_addr" [/home/myuan/Desktop/MCTS/FPGA-Accelerated-MCTS/cpp_src/ucteq.cpp:351]   --->   Operation 159 'load' 'subT1_pipl_stream_BpSel_inputObj_0_stream_ap_int_1_0_stream_SelTupleOut_0_int_memoizlevs_4_load' <Predicate = (tmp)> <Delay = 0.69> <CoreInst = "RAM">   --->   Core 83 'RAM' <Latency = 1> <II = 1> <Delay = 0.69> <Storage> <Opcode : 'load' 'store'> <Ports = 2> <Width = 32> <Depth = 32> <RAM>
ST_14 : Operation 160 [1/1] (0.48ns)   --->   "%leaf_act_par_ind = mux i32 @_ssdm_op_Mux.ap_auto.5i32.i32, i32 %subT1_pipl_stream_BpSel_inputObj_0_stream_ap_int_1_0_stream_SelTupleOut_0_int_memoizlevs_load, i32 %subT1_pipl_stream_BpSel_inputObj_0_stream_ap_int_1_0_stream_SelTupleOut_0_int_memoizlevs_1_load, i32 %subT1_pipl_stream_BpSel_inputObj_0_stream_ap_int_1_0_stream_SelTupleOut_0_int_memoizlevs_2_load, i32 %subT1_pipl_stream_BpSel_inputObj_0_stream_ap_int_1_0_stream_SelTupleOut_0_int_memoizlevs_3_load, i32 %subT1_pipl_stream_BpSel_inputObj_0_stream_ap_int_1_0_stream_SelTupleOut_0_int_memoizlevs_4_load, i32 %resultIndDepth_depth" [/home/myuan/Desktop/MCTS/FPGA-Accelerated-MCTS/cpp_src/ucteq.cpp:351]   --->   Operation 160 'mux' 'leaf_act_par_ind' <Predicate = (tmp)> <Delay = 0.48> <CoreInst = "Multiplexer">   --->   Core 76 'Multiplexer' <Latency = 0> <II = 1> <Delay = 0.48> <FuncUnit> <Opcode : 'mux'> <InPorts = 2> <OutPorts = 1>
ST_14 : Operation 161 [1/2] (0.63ns)   --->   "%subT1_pipl_stream_BpSel_inputObj_0_stream_ap_int_1_0_stream_SelTupleOut_0_int_memoizlevs_5_load = load i5 %subT1_pipl_stream_BpSel_inputObj_0_stream_ap_int_1_0_stream_SelTupleOut_0_int_memoizlevs_5_addr" [/home/myuan/Desktop/MCTS/FPGA-Accelerated-MCTS/cpp_src/ucteq.cpp:351]   --->   Operation 161 'load' 'subT1_pipl_stream_BpSel_inputObj_0_stream_ap_int_1_0_stream_SelTupleOut_0_int_memoizlevs_5_load' <Predicate = (tmp)> <Delay = 0.63> <CoreInst = "RAM">   --->   Core 83 'RAM' <Latency = 1> <II = 1> <Delay = 0.63> <Storage> <Opcode : 'load' 'store'> <Ports = 2> <Width = 1> <Depth = 32> <RAM>
ST_14 : Operation 162 [1/1] (0.00ns)   --->   "%zext_ln351_1 = zext i1 %subT1_pipl_stream_BpSel_inputObj_0_stream_ap_int_1_0_stream_SelTupleOut_0_int_memoizlevs_5_load" [/home/myuan/Desktop/MCTS/FPGA-Accelerated-MCTS/cpp_src/ucteq.cpp:351]   --->   Operation 162 'zext' 'zext_ln351_1' <Predicate = (tmp)> <Delay = 0.00>
ST_14 : Operation 163 [1/2] (0.63ns)   --->   "%subT1_pipl_stream_BpSel_inputObj_0_stream_ap_int_1_0_stream_SelTupleOut_0_int_memoizlevs_6_load = load i5 %subT1_pipl_stream_BpSel_inputObj_0_stream_ap_int_1_0_stream_SelTupleOut_0_int_memoizlevs_6_addr" [/home/myuan/Desktop/MCTS/FPGA-Accelerated-MCTS/cpp_src/ucteq.cpp:351]   --->   Operation 163 'load' 'subT1_pipl_stream_BpSel_inputObj_0_stream_ap_int_1_0_stream_SelTupleOut_0_int_memoizlevs_6_load' <Predicate = (tmp)> <Delay = 0.63> <CoreInst = "RAM">   --->   Core 83 'RAM' <Latency = 1> <II = 1> <Delay = 0.63> <Storage> <Opcode : 'load' 'store'> <Ports = 2> <Width = 1> <Depth = 32> <RAM>
ST_14 : Operation 164 [1/1] (0.00ns)   --->   "%zext_ln351_2 = zext i1 %subT1_pipl_stream_BpSel_inputObj_0_stream_ap_int_1_0_stream_SelTupleOut_0_int_memoizlevs_6_load" [/home/myuan/Desktop/MCTS/FPGA-Accelerated-MCTS/cpp_src/ucteq.cpp:351]   --->   Operation 164 'zext' 'zext_ln351_2' <Predicate = (tmp)> <Delay = 0.00>
ST_14 : Operation 165 [1/2] (0.63ns)   --->   "%subT1_pipl_stream_BpSel_inputObj_0_stream_ap_int_1_0_stream_SelTupleOut_0_int_memoizlevs_7_load = load i5 %subT1_pipl_stream_BpSel_inputObj_0_stream_ap_int_1_0_stream_SelTupleOut_0_int_memoizlevs_7_addr" [/home/myuan/Desktop/MCTS/FPGA-Accelerated-MCTS/cpp_src/ucteq.cpp:351]   --->   Operation 165 'load' 'subT1_pipl_stream_BpSel_inputObj_0_stream_ap_int_1_0_stream_SelTupleOut_0_int_memoizlevs_7_load' <Predicate = (tmp)> <Delay = 0.63> <CoreInst = "RAM">   --->   Core 83 'RAM' <Latency = 1> <II = 1> <Delay = 0.63> <Storage> <Opcode : 'load' 'store'> <Ports = 2> <Width = 1> <Depth = 32> <RAM>
ST_14 : Operation 166 [1/1] (0.00ns)   --->   "%zext_ln351_3 = zext i1 %subT1_pipl_stream_BpSel_inputObj_0_stream_ap_int_1_0_stream_SelTupleOut_0_int_memoizlevs_7_load" [/home/myuan/Desktop/MCTS/FPGA-Accelerated-MCTS/cpp_src/ucteq.cpp:351]   --->   Operation 166 'zext' 'zext_ln351_3' <Predicate = (tmp)> <Delay = 0.00>
ST_14 : Operation 167 [1/2] (0.63ns)   --->   "%subT1_pipl_stream_BpSel_inputObj_0_stream_ap_int_1_0_stream_SelTupleOut_0_int_memoizlevs_8_load = load i5 %subT1_pipl_stream_BpSel_inputObj_0_stream_ap_int_1_0_stream_SelTupleOut_0_int_memoizlevs_8_addr" [/home/myuan/Desktop/MCTS/FPGA-Accelerated-MCTS/cpp_src/ucteq.cpp:351]   --->   Operation 167 'load' 'subT1_pipl_stream_BpSel_inputObj_0_stream_ap_int_1_0_stream_SelTupleOut_0_int_memoizlevs_8_load' <Predicate = (tmp)> <Delay = 0.63> <CoreInst = "RAM">   --->   Core 83 'RAM' <Latency = 1> <II = 1> <Delay = 0.63> <Storage> <Opcode : 'load' 'store'> <Ports = 2> <Width = 1> <Depth = 32> <RAM>
ST_14 : Operation 168 [1/1] (0.00ns)   --->   "%zext_ln351_4 = zext i1 %subT1_pipl_stream_BpSel_inputObj_0_stream_ap_int_1_0_stream_SelTupleOut_0_int_memoizlevs_8_load" [/home/myuan/Desktop/MCTS/FPGA-Accelerated-MCTS/cpp_src/ucteq.cpp:351]   --->   Operation 168 'zext' 'zext_ln351_4' <Predicate = (tmp)> <Delay = 0.00>
ST_14 : Operation 169 [1/2] (0.63ns)   --->   "%subT1_pipl_stream_BpSel_inputObj_0_stream_ap_int_1_0_stream_SelTupleOut_0_int_memoizlevs_9_load = load i5 %subT1_pipl_stream_BpSel_inputObj_0_stream_ap_int_1_0_stream_SelTupleOut_0_int_memoizlevs_9_addr" [/home/myuan/Desktop/MCTS/FPGA-Accelerated-MCTS/cpp_src/ucteq.cpp:351]   --->   Operation 169 'load' 'subT1_pipl_stream_BpSel_inputObj_0_stream_ap_int_1_0_stream_SelTupleOut_0_int_memoizlevs_9_load' <Predicate = (tmp)> <Delay = 0.63> <CoreInst = "RAM">   --->   Core 83 'RAM' <Latency = 1> <II = 1> <Delay = 0.63> <Storage> <Opcode : 'load' 'store'> <Ports = 2> <Width = 1> <Depth = 32> <RAM>
ST_14 : Operation 170 [1/1] (0.00ns)   --->   "%zext_ln351_5 = zext i1 %subT1_pipl_stream_BpSel_inputObj_0_stream_ap_int_1_0_stream_SelTupleOut_0_int_memoizlevs_9_load" [/home/myuan/Desktop/MCTS/FPGA-Accelerated-MCTS/cpp_src/ucteq.cpp:351]   --->   Operation 170 'zext' 'zext_ln351_5' <Predicate = (tmp)> <Delay = 0.00>
ST_14 : Operation 171 [1/1] (0.48ns)   --->   "%leaf_act_child_ind = mux i32 @_ssdm_op_Mux.ap_auto.5i32.i32, i32 %zext_ln351_1, i32 %zext_ln351_2, i32 %zext_ln351_3, i32 %zext_ln351_4, i32 %zext_ln351_5, i32 %resultIndDepth_depth" [/home/myuan/Desktop/MCTS/FPGA-Accelerated-MCTS/cpp_src/ucteq.cpp:351]   --->   Operation 171 'mux' 'leaf_act_child_ind' <Predicate = (tmp)> <Delay = 0.48> <CoreInst = "Multiplexer">   --->   Core 76 'Multiplexer' <Latency = 0> <II = 1> <Delay = 0.48> <FuncUnit> <Opcode : 'mux'> <InPorts = 2> <OutPorts = 1>
ST_14 : Operation 172 [1/1] (0.00ns)   --->   "%tmp1 = bitconcatenate i128 @_ssdm_op_BitConcatenate.i128.i32.i32.i32.i32, i32 %resultIndDepth_depth, i32 0, i32 %leaf_act_child_ind, i32 %leaf_act_par_ind" [/media/myuan/working/Vitis_HLS/2021.2/common/technology/autopilot/hls_stream_39.h:173]   --->   Operation 172 'bitconcatenate' 'tmp1' <Predicate = (tmp)> <Delay = 0.00>
ST_14 : Operation 173 [1/1] (0.00ns)   --->   "%or_ln173 = or i128 %tmp1, i128 18446744073709551616" [/media/myuan/working/Vitis_HLS/2021.2/common/technology/autopilot/hls_stream_39.h:173]   --->   Operation 173 'or' 'or_ln173' <Predicate = (tmp)> <Delay = 0.00>
ST_14 : Operation 174 [1/1] (1.21ns)   --->   "%write_ln173 = write void @_ssdm_op_Write.ap_fifo.volatile.i128P0A, i128 %OutTuppipe1, i128 %or_ln173" [/media/myuan/working/Vitis_HLS/2021.2/common/technology/autopilot/hls_stream_39.h:173]   --->   Operation 174 'write' 'write_ln173' <Predicate = (tmp)> <Delay = 1.21> <CoreInst = "FIFO_SRL">   --->   Core 81 'FIFO_SRL' <Latency = 0> <II = 1> <Delay = 1.41> <Storage> <Opcode : 'read' 'write' 'nbread' 'nbwrite'> <Ports = 0> <Width = 128> <Depth = 32> <FIFO>
ST_14 : Operation 175 [1/1] (0.00ns)   --->   "%br_ln356 = br void" [/home/myuan/Desktop/MCTS/FPGA-Accelerated-MCTS/cpp_src/ucteq.cpp:356]   --->   Operation 175 'br' 'br_ln356' <Predicate = (tmp)> <Delay = 0.00>
ST_14 : Operation 176 [1/1] (0.00ns)   --->   "%br_ln304 = br void" [/home/myuan/Desktop/MCTS/FPGA-Accelerated-MCTS/cpp_src/ucteq.cpp:304]   --->   Operation 176 'br' 'br_ln304' <Predicate = true> <Delay = 0.00>


============================================================
+ Verbose Summary: Timing violations
============================================================
Target clock period: 3.33ns, clock uncertainty: 0.9ns.

 <State 1>: 0ns
The critical path consists of the following:

 <State 2>: 2.43ns
The critical path consists of the following:
	fifo read operation ('IDRpipe1_read', /media/myuan/working/Vitis_HLS/2021.2/common/technology/autopilot/hls_stream_39.h:144) on port 'IDRpipe1' (/media/myuan/working/Vitis_HLS/2021.2/common/technology/autopilot/hls_stream_39.h:144) [125]  (1.22 ns)
	fifo write operation ('write_ln173', /media/myuan/working/Vitis_HLS/2021.2/common/technology/autopilot/hls_stream_39.h:173) on port 'IDRpipes', /home/myuan/Desktop/MCTS/FPGA-Accelerated-MCTS/cpp_src/ucteq.cpp:270 (/media/myuan/working/Vitis_HLS/2021.2/common/technology/autopilot/hls_stream_39.h:173) [130]  (1.22 ns)

 <State 3>: 0ns
The critical path consists of the following:

 <State 4>: 0ns
The critical path consists of the following:

 <State 5>: 0ns
The critical path consists of the following:

 <State 6>: 0ns
The critical path consists of the following:

 <State 7>: 0ns
The critical path consists of the following:

 <State 8>: 0ns
The critical path consists of the following:

 <State 9>: 0ns
The critical path consists of the following:

 <State 10>: 0ns
The critical path consists of the following:

 <State 11>: 0ns
The critical path consists of the following:

 <State 12>: 0ns
The critical path consists of the following:

 <State 13>: 1.22ns
The critical path consists of the following:
	fifo read operation ('p_064', /media/myuan/working/Vitis_HLS/2021.2/common/technology/autopilot/hls_stream_39.h:144) on port 'lev_retpipe', /home/myuan/Desktop/MCTS/FPGA-Accelerated-MCTS/cpp_src/ucteq.cpp:253 (/media/myuan/working/Vitis_HLS/2021.2/common/technology/autopilot/hls_stream_39.h:144) [136]  (1.22 ns)

 <State 14>: 2.4ns
The critical path consists of the following:
	'load' operation ('subT1_pipl_stream_BpSel_inputObj_0_stream_ap_int_1_0_stream_SelTupleOut_0_int_memoizlevs_load', /home/myuan/Desktop/MCTS/FPGA-Accelerated-MCTS/cpp_src/ucteq.cpp:351) on array 'subT1_pipl_stream_BpSel_inputObj_0_stream_ap_int_1_0_stream_SelTupleOut_0_int_memoizlevs' [146]  (0.699 ns)
	'mux' operation ('leaf_act.par_ind', /home/myuan/Desktop/MCTS/FPGA-Accelerated-MCTS/cpp_src/ucteq.cpp:351) [151]  (0.486 ns)
	'or' operation ('or_ln173', /media/myuan/working/Vitis_HLS/2021.2/common/technology/autopilot/hls_stream_39.h:173) [169]  (0 ns)
	fifo write operation ('write_ln173', /media/myuan/working/Vitis_HLS/2021.2/common/technology/autopilot/hls_stream_39.h:173) on port 'OutTuppipe1' (/media/myuan/working/Vitis_HLS/2021.2/common/technology/autopilot/hls_stream_39.h:173) [170]  (1.22 ns)


============================================================
+ Verbose Summary: Binding
============================================================
N/A
* FSMD analyzer results:
  - Output states:
 - Input state : 
  - Chain level:
	State 1
	State 2
	State 3
	State 4
	State 5
	State 6
	State 7
	State 8
	State 9
	State 10
	State 11
	State 12
	State 13
	State 14


============================================================
+ Verbose Summary: Datapath Resource usage 
============================================================
N/A
